\BOOKMARK [1][-]{section.1}{\376\377\004\036\004\077\004\070\004\101\004\060\004\075\004\070\004\065}{}% 1
\BOOKMARK [1][-]{section.2}{\376\377\004\043\004\101\004\102\004\060\004\075\004\076\004\062\004\072\004\060}{}% 2
\BOOKMARK [2][-]{subsection.2.1}{\376\377\004\036\004\061\004\111\004\070\004\071\000\040\004\060\004\073\004\063\004\076\004\100\004\070\004\102\004\074\000\040\004\077\004\076\004\064\004\072\004\073\004\116\004\107\004\065\004\075\004\070\004\117}{section.2}% 3
\BOOKMARK [2][-]{subsection.2.2}{\376\377\004\037\004\076\004\064\004\072\004\073\004\116\004\107\004\065\004\075\004\070\004\065\000\040\004\072\000\040\000Q\000t\000\040\004\075\004\060\000\040\004\077\004\100\004\070\004\074\004\065\004\100\004\065\000\040\000Q\000t\000\040\0005\000.\0002\000.\0001}{section.2}% 4
\BOOKMARK [2][-]{subsection.2.3}{\376\377\004\037\004\076\004\064\004\072\004\073\004\116\004\107\004\065\004\075\004\070\004\065\000\040\004\072\000\040\000C\000+\000+\000\040\000B\000u\000i\000l\000d\000e\000r\000\040\004\075\004\060\000\040\004\077\004\100\004\070\004\074\004\065\004\100\004\065\000\040\000C\000+\000+\000\040\000B\000u\000i\000l\000d\000e\000r\000\040\0006\000.\0000}{section.2}% 5
\BOOKMARK [2][-]{subsection.2.4}{\376\377\004\037\004\076\004\064\004\072\004\073\004\116\004\107\004\065\004\075\004\070\004\065\000\040\004\072\000\040\000C\000+\000+\000\040\000B\000u\000i\000l\000d\000e\000r\000\040\004\075\004\060\000\040\004\077\004\100\004\070\004\074\004\065\004\100\004\065\000\040\000C\000+\000+\000B\000u\000i\000l\000d\000e\000r\000\040\000X\000E\0004}{section.2}% 6
\BOOKMARK [2][-]{subsection.2.5}{\376\377\004\037\004\076\004\064\004\072\004\073\004\116\004\107\004\065\004\075\004\070\004\065\000\040\004\072\000\040\000M\000i\000c\000r\000o\000s\000o\000f\000t\000\040\000V\000i\000s\000u\000a\000l\000\040\000S\000t\000u\000d\000i\000o\000\040\004\075\004\060\000\040\004\077\004\100\004\070\004\074\004\065\004\100\004\065\000\040\000V\000i\000s\000u\000a\000l\000\040\000S\000t\000u\000d\000i\000o\000\040\0002\0000\0001\0002}{section.2}% 7
\BOOKMARK [1][-]{section.3}{\376\377\004\036\000\040\004\101\004\073\004\103\004\107\004\060\004\071\004\075\004\113\004\105\000\040\004\107\004\070\004\101\004\073\004\060\004\105\000\040\004\062\000\040\004\061\004\070\004\061\004\073\004\070\004\076\004\102\004\065\004\072\004\065\000\040\000H\000a\000r\000r\000i\000x\000M\000a\000t\000h\000L\000i\000b\000r\000a\000r\000y}{}% 8
\BOOKMARK [1][-]{section.4}{\376\377\004\032\004\060\004\072\000\040\004\064\004\076\004\061\004\060\004\062\004\073\004\117\004\102\004\114\000\040\004\075\004\076\004\062\004\113\004\065\000\040\004\104\004\103\004\075\004\072\004\106\004\070\004\070\000\040\004\062\000\040\004\061\004\070\004\061\004\073\004\070\004\076\004\102\004\065\004\072\004\103}{}% 9
\BOOKMARK [1][-]{section.5}{\376\377\004\041\004\102\004\076\004\100\004\076\004\075\004\075\004\070\004\065\000\040\004\061\004\070\004\061\004\073\004\070\004\076\004\102\004\065\004\072\004\070\000,\000\040\004\070\004\101\004\077\004\076\004\073\004\114\004\067\004\103\004\065\004\074\004\113\004\065\000\040\004\062\000\040\000H\000a\000r\000r\000i\000x\000M\000a\000t\000h\000L\000i\000b\000r\000a\000r\000y}{}% 10
\BOOKMARK [1][-]{section.6}{\376\377\004\041\004\077\004\070\004\101\004\076\004\072\000\040\004\104\004\103\004\075\004\072\004\106\004\070\004\071}{}% 11
\BOOKMARK [1][-]{section.7}{\376\377\004\044\004\103\004\075\004\072\004\106\004\070\004\070}{}% 12
\BOOKMARK [2][-]{subsection.7.1}{\376\377\004\022\004\065\004\072\004\102\004\076\004\100\004\060\000\040\000\050\004\036\004\064\004\075\004\076\004\074\004\065\004\100\004\075\004\113\004\065\000\040\004\074\004\060\004\101\004\101\004\070\004\062\004\113\000\051}{section.7}% 13
\BOOKMARK [3][-]{subsubsection.7.1.1}{\376\377\000M\000H\000L\000\137\000D\000e\000p\000e\000n\000d\000e\000n\000t\000N\000o\000i\000s\000e\000I\000n\000V\000e\000c\000t\000o\000r}{subsection.7.1}% 14
\BOOKMARK [3][-]{subsubsection.7.1.2}{\376\377\000M\000H\000L\000\137\000E\000u\000c\000l\000i\000d\000N\000o\000r\000m\000a}{subsection.7.1}% 15
\BOOKMARK [3][-]{subsubsection.7.1.3}{\376\377\000M\000H\000L\000\137\000N\000o\000i\000s\000e\000I\000n\000V\000e\000c\000t\000o\000r}{subsection.7.1}% 16
\BOOKMARK [3][-]{subsubsection.7.1.4}{\376\377\000M\000H\000L\000\137\000S\000e\000p\000a\000r\000a\000t\000e\000V\000e\000c\000t\000o\000r\000L\000i\000m\000i\000t\000O\000n\000P\000r\000o\000d\000u\000c\000t\000E\000l\000e\000m\000e\000n\000t\000s}{subsection.7.1}% 17
\BOOKMARK [3][-]{subsubsection.7.1.5}{\376\377\000M\000H\000L\000\137\000S\000e\000p\000a\000r\000a\000t\000e\000V\000e\000c\000t\000o\000r\000L\000i\000m\000i\000t\000O\000n\000P\000r\000o\000d\000u\000c\000t\000E\000l\000e\000m\000e\000n\000t\000s\000T\000w\000o}{subsection.7.1}% 18
\BOOKMARK [3][-]{subsubsection.7.1.6}{\376\377\000T\000M\000H\000L\000\137\000A\000c\000c\000e\000p\000t\000a\000n\000c\000e\000L\000i\000m\000i\000t\000s}{subsection.7.1}% 19
\BOOKMARK [3][-]{subsubsection.7.1.7}{\376\377\000T\000M\000H\000L\000\137\000C\000h\000a\000n\000g\000e\000O\000r\000d\000e\000r\000I\000n\000V\000e\000c\000t\000o\000r}{subsection.7.1}% 20
\BOOKMARK [3][-]{subsubsection.7.1.8}{\376\377\000T\000M\000H\000L\000\137\000C\000h\000e\000c\000k\000E\000l\000e\000m\000e\000n\000t\000I\000n\000V\000e\000c\000t\000o\000r}{subsection.7.1}% 21
\BOOKMARK [3][-]{subsubsection.7.1.9}{\376\377\000T\000M\000H\000L\000\137\000C\000o\000m\000p\000a\000r\000e\000M\000e\000a\000n\000O\000f\000V\000e\000c\000t\000o\000r\000s}{subsection.7.1}% 22
\BOOKMARK [3][-]{subsubsection.7.1.10}{\376\377\000T\000M\000H\000L\000\137\000E\000q\000u\000a\000l\000i\000t\000y\000O\000f\000V\000e\000c\000t\000o\000r\000s}{subsection.7.1}% 23
\BOOKMARK [3][-]{subsubsection.7.1.11}{\376\377\000T\000M\000H\000L\000\137\000F\000i\000b\000o\000n\000a\000c\000c\000i\000N\000u\000m\000b\000e\000r\000s\000V\000e\000c\000t\000o\000r}{subsection.7.1}% 24
\BOOKMARK [3][-]{subsubsection.7.1.12}{\376\377\000T\000M\000H\000L\000\137\000F\000i\000l\000l\000V\000e\000c\000t\000o\000r}{subsection.7.1}% 25
\BOOKMARK [3][-]{subsubsection.7.1.13}{\376\377\000T\000M\000H\000L\000\137\000M\000a\000x\000i\000m\000u\000m\000O\000f\000V\000e\000c\000t\000o\000r}{subsection.7.1}% 26
\BOOKMARK [3][-]{subsubsection.7.1.14}{\376\377\000T\000M\000H\000L\000\137\000M\000i\000n\000i\000m\000u\000m\000O\000f\000V\000e\000c\000t\000o\000r}{subsection.7.1}% 27
\BOOKMARK [3][-]{subsubsection.7.1.15}{\376\377\000T\000M\000H\000L\000\137\000M\000i\000x\000i\000n\000g\000V\000e\000c\000t\000o\000r}{subsection.7.1}% 28
\BOOKMARK [3][-]{subsubsection.7.1.16}{\376\377\000T\000M\000H\000L\000\137\000M\000i\000x\000i\000n\000g\000V\000e\000c\000t\000o\000r\000W\000i\000t\000h\000C\000o\000n\000j\000u\000g\000a\000t\000e\000V\000e\000c\000t\000o\000r}{subsection.7.1}% 29
\BOOKMARK [3][-]{subsubsection.7.1.17}{\376\377\000T\000M\000H\000L\000\137\000N\000u\000m\000b\000e\000r\000O\000f\000D\000i\000f\000f\000e\000r\000e\000n\000t\000V\000a\000l\000u\000e\000s\000I\000n\000V\000e\000c\000t\000o\000r}{subsection.7.1}% 30
\BOOKMARK [3][-]{subsubsection.7.1.18}{\376\377\000T\000M\000H\000L\000\137\000N\000u\000m\000b\000e\000r\000O\000f\000M\000a\000x\000i\000m\000u\000m\000O\000f\000V\000e\000c\000t\000o\000r}{subsection.7.1}% 31
\BOOKMARK [3][-]{subsubsection.7.1.19}{\376\377\000T\000M\000H\000L\000\137\000N\000u\000m\000b\000e\000r\000O\000f\000M\000i\000n\000i\000m\000u\000m\000O\000f\000V\000e\000c\000t\000o\000r}{subsection.7.1}% 32
\BOOKMARK [3][-]{subsubsection.7.1.20}{\376\377\000T\000M\000H\000L\000\137\000N\000u\000m\000b\000e\000r\000O\000f\000N\000e\000g\000a\000t\000i\000v\000e\000V\000a\000l\000u\000e\000s}{subsection.7.1}% 33
\BOOKMARK [3][-]{subsubsection.7.1.21}{\376\377\000T\000M\000H\000L\000\137\000N\000u\000m\000b\000e\000r\000O\000f\000P\000o\000s\000i\000t\000i\000v\000e\000V\000a\000l\000u\000e\000s}{subsection.7.1}% 34
\BOOKMARK [3][-]{subsubsection.7.1.22}{\376\377\000T\000M\000H\000L\000\137\000N\000u\000m\000b\000e\000r\000O\000f\000Z\000e\000r\000o\000V\000a\000l\000u\000e\000s}{subsection.7.1}% 35
\BOOKMARK [3][-]{subsubsection.7.1.23}{\376\377\000T\000M\000H\000L\000\137\000O\000r\000d\000i\000n\000a\000l\000V\000e\000c\000t\000o\000r}{subsection.7.1}% 36
\BOOKMARK [3][-]{subsubsection.7.1.24}{\376\377\000T\000M\000H\000L\000\137\000O\000r\000d\000i\000n\000a\000l\000V\000e\000c\000t\000o\000r\000Z\000e\000r\000o}{subsection.7.1}% 37
\BOOKMARK [3][-]{subsubsection.7.1.25}{\376\377\000T\000M\000H\000L\000\137\000P\000r\000o\000d\000u\000c\000t\000O\000f\000E\000l\000e\000m\000e\000n\000t\000s\000O\000f\000V\000e\000c\000t\000o\000r}{subsection.7.1}% 38
\BOOKMARK [3][-]{subsubsection.7.1.26}{\376\377\000T\000M\000H\000L\000\137\000R\000e\000v\000e\000r\000s\000e\000V\000e\000c\000t\000o\000r}{subsection.7.1}% 39
\BOOKMARK [3][-]{subsubsection.7.1.27}{\376\377\000T\000M\000H\000L\000\137\000S\000e\000a\000r\000c\000h\000E\000l\000e\000m\000e\000n\000t\000I\000n\000V\000e\000c\000t\000o\000r}{subsection.7.1}% 40
\BOOKMARK [3][-]{subsubsection.7.1.28}{\376\377\000T\000M\000H\000L\000\137\000S\000e\000a\000r\000c\000h\000F\000i\000r\000s\000t\000N\000o\000t\000Z\000e\000r\000o}{subsection.7.1}% 41
\BOOKMARK [3][-]{subsubsection.7.1.29}{\376\377\000T\000M\000H\000L\000\137\000S\000e\000a\000r\000c\000h\000F\000i\000r\000s\000t\000Z\000e\000r\000o}{subsection.7.1}% 42
\BOOKMARK [3][-]{subsubsection.7.1.30}{\376\377\000T\000M\000H\000L\000\137\000S\000h\000i\000f\000t\000L\000e\000f\000t\000V\000e\000c\000t\000o\000r}{subsection.7.1}% 43
\BOOKMARK [3][-]{subsubsection.7.1.31}{\376\377\000T\000M\000H\000L\000\137\000S\000h\000i\000f\000t\000R\000i\000g\000h\000t\000V\000e\000c\000t\000o\000r}{subsection.7.1}% 44
\BOOKMARK [3][-]{subsubsection.7.1.32}{\376\377\000T\000M\000H\000L\000\137\000S\000u\000m\000S\000q\000u\000a\000r\000e\000V\000e\000c\000t\000o\000r}{subsection.7.1}% 45
\BOOKMARK [3][-]{subsubsection.7.1.33}{\376\377\000T\000M\000H\000L\000\137\000S\000u\000m\000V\000e\000c\000t\000o\000r}{subsection.7.1}% 46
\BOOKMARK [3][-]{subsubsection.7.1.34}{\376\377\000T\000M\000H\000L\000\137\000V\000e\000c\000t\000o\000r\000M\000i\000n\000u\000s\000V\000e\000c\000t\000o\000r}{subsection.7.1}% 47
\BOOKMARK [3][-]{subsubsection.7.1.35}{\376\377\000T\000M\000H\000L\000\137\000V\000e\000c\000t\000o\000r\000M\000u\000l\000t\000i\000p\000l\000y\000N\000u\000m\000b\000e\000r}{subsection.7.1}% 48
\BOOKMARK [3][-]{subsubsection.7.1.36}{\376\377\000T\000M\000H\000L\000\137\000V\000e\000c\000t\000o\000r\000P\000l\000u\000s\000V\000e\000c\000t\000o\000r}{subsection.7.1}% 49
\BOOKMARK [3][-]{subsubsection.7.1.37}{\376\377\000T\000M\000H\000L\000\137\000V\000e\000c\000t\000o\000r\000T\000o\000V\000e\000c\000t\000o\000r}{subsection.7.1}% 50
\BOOKMARK [3][-]{subsubsection.7.1.38}{\376\377\000T\000M\000H\000L\000\137\000Z\000e\000r\000o\000V\000e\000c\000t\000o\000r}{subsection.7.1}% 51
\BOOKMARK [2][-]{subsection.7.2}{\376\377\004\023\004\065\004\075\004\065\004\102\004\070\004\107\004\065\004\101\004\072\004\070\004\065\000\040\004\060\004\073\004\063\004\076\004\100\004\070\004\102\004\074\004\113}{section.7}% 52
\BOOKMARK [3][-]{subsubsection.7.2.1}{\376\377\000M\000H\000L\000\137\000A\000r\000i\000t\000h\000m\000e\000t\000i\000c\000a\000l\000C\000r\000o\000s\000s\000o\000v\000e\000r\000F\000o\000r\000R\000e\000a\000l}{subsection.7.2}% 53
\BOOKMARK [3][-]{subsubsection.7.2.2}{\376\377\000M\000H\000L\000\137\000B\000L\000X\000C\000r\000o\000s\000s\000o\000v\000e\000r\000F\000o\000r\000R\000e\000a\000l}{subsection.7.2}% 54
\BOOKMARK [3][-]{subsubsection.7.2.3}{\376\377\000M\000H\000L\000\137\000B\000i\000n\000a\000r\000y\000F\000i\000t\000n\000e\000s\000s\000F\000u\000n\000c\000t\000i\000o\000n}{subsection.7.2}% 55
\BOOKMARK [3][-]{subsubsection.7.2.4}{\376\377\000M\000H\000L\000\137\000E\000x\000t\000e\000n\000d\000e\000d\000L\000i\000n\000e\000F\000o\000r\000R\000e\000a\000l}{subsection.7.2}% 56
\BOOKMARK [3][-]{subsubsection.7.2.5}{\376\377\000M\000H\000L\000\137\000F\000l\000a\000t\000C\000r\000o\000s\000s\000o\000v\000e\000r\000F\000o\000r\000R\000e\000a\000l}{subsection.7.2}% 57
\BOOKMARK [3][-]{subsubsection.7.2.6}{\376\377\000M\000H\000L\000\137\000G\000e\000o\000m\000e\000t\000r\000i\000c\000a\000l\000C\000r\000o\000s\000s\000o\000v\000e\000r\000F\000o\000r\000R\000e\000a\000l}{subsection.7.2}% 58
\BOOKMARK [3][-]{subsubsection.7.2.7}{\376\377\000M\000H\000L\000\137\000L\000i\000n\000e\000a\000r\000C\000r\000o\000s\000s\000o\000v\000e\000r\000F\000o\000r\000R\000e\000a\000l}{subsection.7.2}% 59
\BOOKMARK [3][-]{subsubsection.7.2.8}{\376\377\000M\000H\000L\000\137\000M\000a\000k\000e\000V\000e\000c\000t\000o\000r\000O\000f\000P\000r\000o\000b\000a\000b\000i\000l\000i\000t\000y\000F\000o\000r\000P\000r\000o\000p\000o\000r\000t\000i\000o\000n\000a\000l\000S\000e\000l\000e\000c\000t\000i\000o\000n\000V\0002}{subsection.7.2}% 60
\BOOKMARK [3][-]{subsubsection.7.2.9}{\376\377\000M\000H\000L\000\137\000M\000a\000k\000e\000V\000e\000c\000t\000o\000r\000O\000f\000P\000r\000o\000b\000a\000b\000i\000l\000i\000t\000y\000F\000o\000r\000R\000a\000n\000k\000l\000S\000e\000l\000e\000c\000t\000i\000o\000n}{subsection.7.2}% 61
\BOOKMARK [3][-]{subsubsection.7.2.10}{\376\377\000M\000H\000L\000\137\000M\000a\000k\000e\000V\000e\000c\000t\000o\000r\000O\000f\000R\000a\000n\000k\000F\000o\000r\000R\000a\000n\000k\000S\000e\000l\000e\000c\000t\000i\000o\000n}{subsection.7.2}% 62
\BOOKMARK [3][-]{subsubsection.7.2.11}{\376\377\000M\000H\000L\000\137\000M\000a\000k\000e\000V\000e\000c\000t\000o\000r\000O\000f\000R\000a\000n\000k\000Z\000e\000r\000o\000F\000o\000r\000R\000a\000n\000k\000S\000e\000l\000e\000c\000t\000i\000o\000n}{subsection.7.2}% 63
\BOOKMARK [3][-]{subsubsection.7.2.12}{\376\377\000M\000H\000L\000\137\000N\000o\000r\000m\000a\000l\000i\000z\000a\000t\000i\000o\000n\000V\000e\000c\000t\000o\000r\000A\000l\000l}{subsection.7.2}% 64
\BOOKMARK [3][-]{subsubsection.7.2.13}{\376\377\000M\000H\000L\000\137\000N\000o\000r\000m\000a\000l\000i\000z\000a\000t\000i\000o\000n\000V\000e\000c\000t\000o\000r\000M\000a\000x\000M\000i\000n}{subsection.7.2}% 65
\BOOKMARK [3][-]{subsubsection.7.2.14}{\376\377\000M\000H\000L\000\137\000N\000o\000r\000m\000a\000l\000i\000z\000a\000t\000i\000o\000n\000V\000e\000c\000t\000o\000r\000O\000n\000e}{subsection.7.2}% 66
\BOOKMARK [3][-]{subsubsection.7.2.15}{\376\377\000M\000H\000L\000\137\000P\000r\000o\000b\000a\000b\000i\000l\000i\000t\000y\000O\000f\000T\000o\000u\000r\000n\000a\000m\000e\000n\000t\000S\000e\000l\000e\000c\000t\000i\000o\000n}{subsection.7.2}% 67
\BOOKMARK [3][-]{subsubsection.7.2.16}{\376\377\000M\000H\000L\000\137\000P\000r\000o\000p\000o\000r\000t\000i\000o\000n\000a\000l\000S\000e\000l\000e\000c\000t\000i\000o\000n}{subsection.7.2}% 68
\BOOKMARK [3][-]{subsubsection.7.2.17}{\376\377\000M\000H\000L\000\137\000P\000r\000o\000p\000o\000r\000t\000i\000o\000n\000a\000l\000S\000e\000l\000e\000c\000t\000i\000o\000n\000V\0002}{subsection.7.2}% 69
\BOOKMARK [3][-]{subsubsection.7.2.18}{\376\377\000M\000H\000L\000\137\000P\000r\000o\000p\000o\000r\000t\000i\000o\000n\000a\000l\000S\000e\000l\000e\000c\000t\000i\000o\000n\000V\0003}{subsection.7.2}% 70
\BOOKMARK [3][-]{subsubsection.7.2.19}{\376\377\000M\000H\000L\000\137\000R\000a\000n\000k\000S\000e\000l\000e\000c\000t\000i\000o\000n}{subsection.7.2}% 71
\BOOKMARK [3][-]{subsubsection.7.2.20}{\376\377\000M\000H\000L\000\137\000S\000e\000l\000e\000c\000t\000I\000t\000e\000m\000O\000n\000P\000r\000o\000b\000a\000b\000i\000l\000i\000t\000y}{subsection.7.2}% 72
\BOOKMARK [3][-]{subsubsection.7.2.21}{\376\377\000M\000H\000L\000\137\000S\000i\000n\000g\000l\000e\000p\000o\000i\000n\000t\000C\000r\000o\000s\000s\000o\000v\000e\000r\000F\000o\000r\000R\000e\000a\000l}{subsection.7.2}% 73
\BOOKMARK [3][-]{subsubsection.7.2.22}{\376\377\000M\000H\000L\000\137\000S\000t\000a\000n\000d\000a\000r\000t\000B\000i\000n\000a\000r\000y\000G\000e\000n\000e\000t\000i\000c\000A\000l\000g\000o\000r\000i\000t\000h\000m}{subsection.7.2}% 74
\BOOKMARK [3][-]{subsubsection.7.2.23}{\376\377\000M\000H\000L\000\137\000S\000t\000a\000n\000d\000a\000r\000t\000G\000e\000n\000e\000t\000i\000c\000A\000l\000g\000o\000r\000i\000t\000h\000m}{subsection.7.2}% 75
\BOOKMARK [3][-]{subsubsection.7.2.24}{\376\377\000M\000H\000L\000\137\000S\000t\000a\000n\000d\000a\000r\000t\000R\000e\000a\000l\000G\000e\000n\000e\000t\000i\000c\000A\000l\000g\000o\000r\000i\000t\000h\000m}{subsection.7.2}% 76
\BOOKMARK [3][-]{subsubsection.7.2.25}{\376\377\000M\000H\000L\000\137\000T\000o\000u\000r\000n\000a\000m\000e\000n\000t\000S\000e\000l\000e\000c\000t\000i\000o\000n}{subsection.7.2}% 77
\BOOKMARK [3][-]{subsubsection.7.2.26}{\376\377\000M\000H\000L\000\137\000T\000o\000u\000r\000n\000a\000m\000e\000n\000t\000S\000e\000l\000e\000c\000t\000i\000o\000n\000W\000i\000t\000h\000R\000e\000t\000u\000r\000n}{subsection.7.2}% 78
\BOOKMARK [3][-]{subsubsection.7.2.27}{\376\377\000M\000H\000L\000\137\000T\000w\000o\000p\000o\000i\000n\000t\000C\000r\000o\000s\000s\000o\000v\000e\000r\000F\000o\000r\000R\000e\000a\000l}{subsection.7.2}% 79
\BOOKMARK [3][-]{subsubsection.7.2.28}{\376\377\000M\000H\000L\000\137\000U\000n\000i\000f\000o\000r\000m\000C\000r\000o\000s\000s\000o\000v\000e\000r\000F\000o\000r\000R\000e\000a\000l}{subsection.7.2}% 80
\BOOKMARK [3][-]{subsubsection.7.2.29}{\376\377\000T\000M\000H\000L\000\137\000M\000u\000t\000a\000t\000i\000o\000n\000B\000i\000n\000a\000r\000y\000M\000a\000t\000r\000i\000x}{subsection.7.2}% 81
\BOOKMARK [3][-]{subsubsection.7.2.30}{\376\377\000T\000M\000H\000L\000\137\000M\000u\000t\000a\000t\000i\000o\000n\000B\000i\000n\000a\000r\000y\000V\000e\000c\000t\000o\000r}{subsection.7.2}% 82
\BOOKMARK [3][-]{subsubsection.7.2.31}{\376\377\000T\000M\000H\000L\000\137\000S\000i\000n\000g\000l\000e\000p\000o\000i\000n\000t\000C\000r\000o\000s\000s\000o\000v\000e\000r}{subsection.7.2}% 83
\BOOKMARK [3][-]{subsubsection.7.2.32}{\376\377\000T\000M\000H\000L\000\137\000S\000i\000n\000g\000l\000e\000p\000o\000i\000n\000t\000C\000r\000o\000s\000s\000o\000v\000e\000r\000W\000i\000t\000h\000C\000o\000p\000y\000i\000n\000g}{subsection.7.2}% 84
\BOOKMARK [3][-]{subsubsection.7.2.33}{\376\377\000T\000M\000H\000L\000\137\000T\000w\000o\000p\000o\000i\000n\000t\000C\000r\000o\000s\000s\000o\000v\000e\000r}{subsection.7.2}% 85
\BOOKMARK [3][-]{subsubsection.7.2.34}{\376\377\000T\000M\000H\000L\000\137\000T\000w\000o\000p\000o\000i\000n\000t\000C\000r\000o\000s\000s\000o\000v\000e\000r\000W\000i\000t\000h\000C\000o\000p\000y\000i\000n\000g}{subsection.7.2}% 86
\BOOKMARK [3][-]{subsubsection.7.2.35}{\376\377\000T\000M\000H\000L\000\137\000U\000n\000i\000f\000o\000r\000m\000C\000r\000o\000s\000s\000o\000v\000e\000r}{subsection.7.2}% 87
\BOOKMARK [2][-]{subsection.7.3}{\376\377\004\023\004\065\004\076\004\074\004\065\004\102\004\100\004\070\004\117}{section.7}% 88
\BOOKMARK [3][-]{subsubsection.7.3.1}{\376\377\000M\000H\000L\000\137\000L\000i\000n\000e\000G\000e\000n\000e\000r\000a\000l\000F\000o\000r\000m}{subsection.7.3}% 89
\BOOKMARK [3][-]{subsubsection.7.3.2}{\376\377\000M\000H\000L\000\137\000L\000i\000n\000e\000S\000l\000o\000p\000e\000I\000n\000t\000e\000r\000c\000e\000p\000t\000F\000o\000r\000m}{subsection.7.3}% 90
\BOOKMARK [3][-]{subsubsection.7.3.3}{\376\377\000M\000H\000L\000\137\000L\000i\000n\000e\000T\000w\000o\000P\000o\000i\000n\000t}{subsection.7.3}% 91
\BOOKMARK [3][-]{subsubsection.7.3.4}{\376\377\000M\000H\000L\000\137\000P\000a\000r\000a\000b\000o\000l\000a}{subsection.7.3}% 92
\BOOKMARK [3][-]{subsubsection.7.3.5}{\376\377\000T\000M\000H\000L\000\137\000B\000o\000o\000l\000C\000r\000o\000s\000s\000i\000n\000g\000T\000w\000o\000S\000e\000g\000m\000e\000n\000t}{subsection.7.3}% 93
\BOOKMARK [2][-]{subsection.7.4}{\376\377\004\023\004\070\004\077\004\065\004\100\004\061\004\076\004\073\004\070\004\107\004\065\004\101\004\072\004\070\004\065\000\040\004\104\004\103\004\075\004\072\004\106\004\070\004\070}{section.7}% 94
\BOOKMARK [3][-]{subsubsection.7.4.1}{\376\377\000M\000H\000L\000\137\000C\000o\000s\000e\000c\000h}{subsection.7.4}% 95
\BOOKMARK [3][-]{subsubsection.7.4.2}{\376\377\000M\000H\000L\000\137\000C\000o\000s\000h}{subsection.7.4}% 96
\BOOKMARK [3][-]{subsubsection.7.4.3}{\376\377\000M\000H\000L\000\137\000C\000o\000t\000a\000n\000h}{subsection.7.4}% 97
\BOOKMARK [3][-]{subsubsection.7.4.4}{\376\377\000M\000H\000L\000\137\000S\000e\000c\000h}{subsection.7.4}% 98
\BOOKMARK [3][-]{subsubsection.7.4.5}{\376\377\000M\000H\000L\000\137\000S\000i\000n\000h}{subsection.7.4}% 99
\BOOKMARK [3][-]{subsubsection.7.4.6}{\376\377\000M\000H\000L\000\137\000T\000a\000n\000h}{subsection.7.4}% 100
\BOOKMARK [2][-]{subsection.7.5}{\376\377\004\024\004\070\004\104\004\104\004\065\004\100\004\065\004\075\004\106\004\070\004\100\004\076\004\062\004\060\004\075\004\070\004\065}{section.7}% 101
\BOOKMARK [3][-]{subsubsection.7.5.1}{\376\377\000M\000H\000L\000\137\000C\000e\000n\000t\000e\000r\000D\000e\000r\000i\000v\000a\000t\000i\000v\000e}{subsection.7.5}% 102
\BOOKMARK [3][-]{subsubsection.7.5.2}{\376\377\000M\000H\000L\000\137\000L\000e\000f\000t\000D\000e\000r\000i\000v\000a\000t\000i\000v\000e}{subsection.7.5}% 103
\BOOKMARK [3][-]{subsubsection.7.5.3}{\376\377\000M\000H\000L\000\137\000R\000i\000g\000h\000t\000D\000e\000r\000i\000v\000a\000t\000i\000v\000e}{subsection.7.5}% 104
\BOOKMARK [2][-]{subsection.7.6}{\376\377\004\030\004\075\004\102\004\065\004\063\004\100\004\070\004\100\004\076\004\062\004\060\004\075\004\070\004\065}{section.7}% 105
\BOOKMARK [3][-]{subsubsection.7.6.1}{\376\377\000M\000H\000L\000\137\000I\000n\000t\000e\000g\000r\000a\000l\000O\000f\000R\000e\000c\000t\000a\000n\000g\000l\000e}{subsection.7.6}% 106
\BOOKMARK [3][-]{subsubsection.7.6.2}{\376\377\000M\000H\000L\000\137\000I\000n\000t\000e\000g\000r\000a\000l\000O\000f\000S\000i\000m\000p\000s\000o\000n}{subsection.7.6}% 107
\BOOKMARK [3][-]{subsubsection.7.6.3}{\376\377\000M\000H\000L\000\137\000I\000n\000t\000e\000g\000r\000a\000l\000O\000f\000T\000r\000a\000p\000e\000z\000i\000u\000m}{subsection.7.6}% 108
\BOOKMARK [2][-]{subsection.7.7}{\376\377\004\032\004\076\004\064\004\070\004\100\004\076\004\062\004\060\004\075\004\070\004\065\000\040\004\070\000\040\004\064\004\065\004\072\004\076\004\064\004\070\004\100\004\076\004\062\004\060\004\075\004\070\004\065}{section.7}% 109
\BOOKMARK [3][-]{subsubsection.7.7.1}{\376\377\000M\000H\000L\000\137\000B\000i\000n\000a\000r\000y\000G\000r\000a\000y\000V\000e\000c\000t\000o\000r\000T\000o\000R\000e\000a\000l\000V\000e\000c\000t\000o\000r}{subsection.7.7}% 110
\BOOKMARK [3][-]{subsubsection.7.7.2}{\376\377\000M\000H\000L\000\137\000B\000i\000n\000a\000r\000y\000V\000e\000c\000t\000o\000r\000T\000o\000R\000e\000a\000l\000V\000e\000c\000t\000o\000r}{subsection.7.7}% 111
\BOOKMARK [3][-]{subsubsection.7.7.3}{\376\377\000T\000M\000H\000L\000\137\000B\000i\000n\000a\000r\000y\000T\000o\000D\000e\000c\000i\000m\000a\000l}{subsection.7.7}% 112
\BOOKMARK [3][-]{subsubsection.7.7.4}{\376\377\000T\000M\000H\000L\000\137\000B\000i\000n\000a\000r\000y\000T\000o\000D\000e\000c\000i\000m\000a\000l\000F\000r\000o\000m\000P\000a\000r\000t}{subsection.7.7}% 113
\BOOKMARK [3][-]{subsubsection.7.7.5}{\376\377\000T\000M\000H\000L\000\137\000G\000r\000a\000y\000C\000o\000d\000e\000T\000o\000B\000i\000n\000a\000r\000y}{subsection.7.7}% 114
\BOOKMARK [3][-]{subsubsection.7.7.6}{\376\377\000T\000M\000H\000L\000\137\000G\000r\000a\000y\000C\000o\000d\000e\000T\000o\000B\000i\000n\000a\000r\000y\000F\000r\000o\000m\000P\000a\000r\000t}{subsection.7.7}% 115
\BOOKMARK [2][-]{subsection.7.8}{\376\377\004\032\004\076\004\074\004\061\004\070\004\075\004\060\004\102\004\076\004\100\004\070\004\072\004\060}{section.7}% 116
\BOOKMARK [3][-]{subsubsection.7.8.1}{\376\377\000T\000M\000H\000L\000\137\000K\000C\000o\000m\000b\000i\000n\000a\000t\000i\000o\000n\000s}{subsection.7.8}% 117
\BOOKMARK [2][-]{subsection.7.9}{\376\377\004\034\004\060\004\102\004\065\004\074\004\060\004\102\004\070\004\107\004\065\004\101\004\072\004\070\004\065\000\040\004\104\004\103\004\075\004\072\004\106\004\070\004\070}{section.7}% 118
\BOOKMARK [3][-]{subsubsection.7.9.1}{\376\377\000M\000H\000L\000\137\000A\000n\000s\000w\000e\000r\000T\000o\000T\000h\000e\000U\000l\000t\000i\000m\000a\000t\000e\000Q\000u\000e\000s\000t\000i\000o\000n\000O\000f\000L\000i\000f\000e\000T\000h\000e\000U\000n\000i\000v\000e\000r\000s\000e\000A\000n\000d\000E\000v\000e\000r\000y\000t\000h\000i\000n\000g}{subsection.7.9}% 119
\BOOKMARK [3][-]{subsubsection.7.9.2}{\376\377\000M\000H\000L\000\137\000A\000r\000i\000t\000h\000m\000e\000t\000i\000c\000a\000l\000P\000r\000o\000g\000r\000e\000s\000s\000i\000o\000n}{subsection.7.9}% 120
\BOOKMARK [3][-]{subsubsection.7.9.3}{\376\377\000M\000H\000L\000\137\000E\000x\000p\000M\000S\000x\000D\0002}{subsection.7.9}% 121
\BOOKMARK [3][-]{subsubsection.7.9.4}{\376\377\000M\000H\000L\000\137\000G\000e\000o\000m\000e\000t\000r\000i\000c\000S\000e\000r\000i\000e\000s}{subsection.7.9}% 122
\BOOKMARK [3][-]{subsubsection.7.9.5}{\376\377\000M\000H\000L\000\137\000G\000r\000e\000a\000t\000e\000s\000t\000C\000o\000m\000m\000o\000n\000D\000i\000v\000i\000s\000o\000r\000E\000u\000c\000l\000i\000d}{subsection.7.9}% 123
\BOOKMARK [3][-]{subsubsection.7.9.6}{\376\377\000M\000H\000L\000\137\000H\000o\000w\000M\000a\000n\000y\000P\000o\000w\000e\000r\000s\000O\000f\000T\000w\000o}{subsection.7.9}% 124
\BOOKMARK [3][-]{subsubsection.7.9.7}{\376\377\000M\000H\000L\000\137\000I\000n\000v\000e\000r\000s\000e\000N\000o\000r\000m\000a\000l\000i\000z\000a\000t\000i\000o\000n\000N\000u\000m\000b\000e\000r\000A\000l\000l}{subsection.7.9}% 125
\BOOKMARK [3][-]{subsubsection.7.9.8}{\376\377\000M\000H\000L\000\137\000L\000e\000a\000s\000t\000C\000o\000m\000m\000o\000n\000M\000u\000l\000t\000i\000p\000l\000e\000E\000u\000c\000l\000i\000d}{subsection.7.9}% 126
\BOOKMARK [3][-]{subsubsection.7.9.9}{\376\377\000M\000H\000L\000\137\000M\000e\000a\000n\000i\000n\000g\000O\000f\000L\000i\000f\000e}{subsection.7.9}% 127
\BOOKMARK [3][-]{subsubsection.7.9.10}{\376\377\000M\000H\000L\000\137\000M\000i\000x\000e\000d\000M\000u\000l\000t\000i\000L\000o\000g\000i\000c\000V\000e\000c\000t\000o\000r\000O\000f\000F\000u\000l\000l\000S\000e\000a\000r\000c\000h}{subsection.7.9}% 128
\BOOKMARK [3][-]{subsubsection.7.9.11}{\376\377\000M\000H\000L\000\137\000N\000o\000r\000m\000a\000l\000i\000z\000a\000t\000i\000o\000n\000N\000u\000m\000b\000e\000r\000A\000l\000l}{subsection.7.9}% 129
\BOOKMARK [3][-]{subsubsection.7.9.12}{\376\377\000M\000H\000L\000\137\000P\000a\000r\000i\000t\000y}{subsection.7.9}% 130
\BOOKMARK [3][-]{subsubsection.7.9.13}{\376\377\000M\000H\000L\000\137\000P\000r\000o\000b\000a\000b\000i\000l\000i\000t\000y\000D\000e\000n\000s\000i\000t\000y\000F\000u\000n\000c\000t\000i\000o\000n\000O\000f\000I\000n\000v\000e\000r\000s\000e\000G\000a\000u\000s\000s\000i\000a\000n\000D\000i\000s\000t\000r\000i\000b\000u\000t\000i\000o\000n}{subsection.7.9}% 131
\BOOKMARK [3][-]{subsubsection.7.9.14}{\376\377\000M\000H\000L\000\137\000S\000u\000m\000G\000e\000o\000m\000e\000t\000r\000i\000c\000S\000e\000r\000i\000e\000s}{subsection.7.9}% 132
\BOOKMARK [3][-]{subsubsection.7.9.15}{\376\377\000M\000H\000L\000\137\000S\000u\000m\000O\000f\000A\000r\000i\000t\000h\000m\000e\000t\000i\000c\000a\000l\000P\000r\000o\000g\000r\000e\000s\000s\000i\000o\000n}{subsection.7.9}% 133
\BOOKMARK [3][-]{subsubsection.7.9.16}{\376\377\000M\000H\000L\000\137\000S\000u\000m\000O\000f\000D\000i\000g\000i\000t\000s}{subsection.7.9}% 134
\BOOKMARK [3][-]{subsubsection.7.9.17}{\376\377\000T\000M\000H\000L\000\137\000A\000b\000s}{subsection.7.9}% 135
\BOOKMARK [3][-]{subsubsection.7.9.18}{\376\377\000T\000M\000H\000L\000\137\000A\000c\000c\000e\000p\000t\000a\000n\000c\000e\000L\000i\000m\000i\000t\000s\000N\000u\000m\000b\000e\000r}{subsection.7.9}% 136
\BOOKMARK [3][-]{subsubsection.7.9.19}{\376\377\000T\000M\000H\000L\000\137\000A\000l\000m\000o\000s\000t\000E\000q\000u\000a\000l}{subsection.7.9}% 137
\BOOKMARK [3][-]{subsubsection.7.9.20}{\376\377\000T\000M\000H\000L\000\137\000A\000l\000m\000o\000s\000t\000Z\000e\000r\000o}{subsection.7.9}% 138
\BOOKMARK [3][-]{subsubsection.7.9.21}{\376\377\000T\000M\000H\000L\000\137\000F\000a\000c\000t\000o\000r\000i\000a\000l}{subsection.7.9}% 139
\BOOKMARK [3][-]{subsubsection.7.9.22}{\376\377\000T\000M\000H\000L\000\137\000F\000i\000b\000o\000n\000a\000c\000c\000i\000N\000u\000m\000b\000e\000r}{subsection.7.9}% 140
\BOOKMARK [3][-]{subsubsection.7.9.23}{\376\377\000T\000M\000H\000L\000\137\000H\000e\000a\000v\000i\000s\000i\000d\000e\000F\000u\000n\000c\000t\000i\000o\000n}{subsection.7.9}% 141
\BOOKMARK [3][-]{subsubsection.7.9.24}{\376\377\000T\000M\000H\000L\000\137\000M\000a\000x}{subsection.7.9}% 142
\BOOKMARK [3][-]{subsubsection.7.9.25}{\376\377\000T\000M\000H\000L\000\137\000M\000i\000n}{subsection.7.9}% 143
\BOOKMARK [3][-]{subsubsection.7.9.26}{\376\377\000T\000M\000H\000L\000\137\000N\000u\000m\000b\000e\000r\000I\000n\000t\000e\000r\000c\000h\000a\000n\000g\000e}{subsection.7.9}% 144
\BOOKMARK [3][-]{subsubsection.7.9.27}{\376\377\000T\000M\000H\000L\000\137\000P\000o\000w\000e\000r\000O\000f}{subsection.7.9}% 145
\BOOKMARK [3][-]{subsubsection.7.9.28}{\376\377\000T\000M\000H\000L\000\137\000S\000i\000g\000n}{subsection.7.9}% 146
\BOOKMARK [3][-]{subsubsection.7.9.29}{\376\377\000T\000M\000H\000L\000\137\000S\000i\000g\000n\000N\000u\000l\000l}{subsection.7.9}% 147
\BOOKMARK [2][-]{subsection.7.10}{\376\377\004\034\004\060\004\102\004\100\004\070\004\106\004\113}{section.7}% 148
\BOOKMARK [3][-]{subsubsection.7.10.1}{\376\377\000T\000M\000H\000L\000\137\000C\000h\000e\000c\000k\000F\000o\000r\000I\000d\000e\000n\000t\000i\000c\000a\000l\000C\000o\000l\000s\000I\000n\000M\000a\000t\000r\000i\000x}{subsection.7.10}% 149
\BOOKMARK [3][-]{subsubsection.7.10.2}{\376\377\000T\000M\000H\000L\000\137\000C\000h\000e\000c\000k\000F\000o\000r\000I\000d\000e\000n\000t\000i\000c\000a\000l\000R\000o\000w\000s\000I\000n\000M\000a\000t\000r\000i\000x}{subsection.7.10}% 150
\BOOKMARK [3][-]{subsubsection.7.10.3}{\376\377\000T\000M\000H\000L\000\137\000C\000o\000l\000I\000n\000t\000e\000r\000c\000h\000a\000n\000g\000e}{subsection.7.10}% 151
\BOOKMARK [3][-]{subsubsection.7.10.4}{\376\377\000T\000M\000H\000L\000\137\000C\000o\000l\000T\000o\000M\000a\000t\000r\000i\000x}{subsection.7.10}% 152
\BOOKMARK [3][-]{subsubsection.7.10.5}{\376\377\000T\000M\000H\000L\000\137\000D\000e\000l\000e\000t\000e\000C\000o\000l\000I\000n\000M\000a\000t\000r\000i\000x}{subsection.7.10}% 153
\BOOKMARK [3][-]{subsubsection.7.10.6}{\376\377\000T\000M\000H\000L\000\137\000D\000e\000l\000e\000t\000e\000R\000o\000w\000I\000n\000M\000a\000t\000r\000i\000x}{subsection.7.10}% 154
\BOOKMARK [3][-]{subsubsection.7.10.7}{\376\377\000T\000M\000H\000L\000\137\000E\000q\000u\000a\000l\000i\000t\000y\000O\000f\000M\000a\000t\000r\000i\000x\000e\000s}{subsection.7.10}% 155
\BOOKMARK [3][-]{subsubsection.7.10.8}{\376\377\000T\000M\000H\000L\000\137\000F\000i\000l\000l\000M\000a\000t\000r\000i\000x}{subsection.7.10}% 156
\BOOKMARK [3][-]{subsubsection.7.10.9}{\376\377\000T\000M\000H\000L\000\137\000I\000d\000e\000n\000t\000i\000t\000y\000M\000a\000t\000r\000i\000x}{subsection.7.10}% 157
\BOOKMARK [3][-]{subsubsection.7.10.10}{\376\377\000T\000M\000H\000L\000\137\000M\000a\000t\000r\000i\000x\000M\000i\000n\000u\000s\000M\000a\000t\000r\000i\000x}{subsection.7.10}% 158
\BOOKMARK [3][-]{subsubsection.7.10.11}{\376\377\000T\000M\000H\000L\000\137\000M\000a\000t\000r\000i\000x\000M\000u\000l\000t\000i\000p\000l\000y\000M\000a\000t\000r\000i\000x}{subsection.7.10}% 159
\BOOKMARK [3][-]{subsubsection.7.10.12}{\376\377\000T\000M\000H\000L\000\137\000M\000a\000t\000r\000i\000x\000M\000u\000l\000t\000i\000p\000l\000y\000M\000a\000t\000r\000i\000x\000T}{subsection.7.10}% 160
\BOOKMARK [3][-]{subsubsection.7.10.13}{\376\377\000T\000M\000H\000L\000\137\000M\000a\000t\000r\000i\000x\000M\000u\000l\000t\000i\000p\000l\000y\000N\000u\000m\000b\000e\000r}{subsection.7.10}% 161
\BOOKMARK [3][-]{subsubsection.7.10.14}{\376\377\000T\000M\000H\000L\000\137\000M\000a\000t\000r\000i\000x\000P\000l\000u\000s\000M\000a\000t\000r\000i\000x}{subsection.7.10}% 162
\BOOKMARK [3][-]{subsubsection.7.10.15}{\376\377\000T\000M\000H\000L\000\137\000M\000a\000t\000r\000i\000x\000T}{subsection.7.10}% 163
\BOOKMARK [3][-]{subsubsection.7.10.16}{\376\377\000T\000M\000H\000L\000\137\000M\000a\000t\000r\000i\000x\000T\000M\000u\000l\000t\000i\000p\000l\000y\000M\000a\000t\000r\000i\000x}{subsection.7.10}% 164
\BOOKMARK [3][-]{subsubsection.7.10.17}{\376\377\000T\000M\000H\000L\000\137\000M\000a\000t\000r\000i\000x\000T\000o\000C\000o\000l}{subsection.7.10}% 165
\BOOKMARK [3][-]{subsubsection.7.10.18}{\376\377\000T\000M\000H\000L\000\137\000M\000a\000t\000r\000i\000x\000T\000o\000M\000a\000t\000r\000i\000x}{subsection.7.10}% 166
\BOOKMARK [3][-]{subsubsection.7.10.19}{\376\377\000T\000M\000H\000L\000\137\000M\000a\000t\000r\000i\000x\000T\000o\000R\000o\000w}{subsection.7.10}% 167
\BOOKMARK [3][-]{subsubsection.7.10.20}{\376\377\000T\000M\000H\000L\000\137\000M\000a\000x\000i\000m\000u\000m\000O\000f\000M\000a\000t\000r\000i\000x}{subsection.7.10}% 168
\BOOKMARK [3][-]{subsubsection.7.10.21}{\376\377\000T\000M\000H\000L\000\137\000M\000i\000n\000i\000m\000u\000m\000O\000f\000M\000a\000t\000r\000i\000x}{subsection.7.10}% 169
\BOOKMARK [3][-]{subsubsection.7.10.22}{\376\377\000T\000M\000H\000L\000\137\000M\000i\000x\000i\000n\000g\000R\000o\000w\000s\000I\000n\000O\000r\000d\000e\000r}{subsection.7.10}% 170
\BOOKMARK [3][-]{subsubsection.7.10.23}{\376\377\000T\000M\000H\000L\000\137\000N\000u\000m\000b\000e\000r\000O\000f\000D\000i\000f\000f\000e\000r\000e\000n\000t\000V\000a\000l\000u\000e\000s\000I\000n\000M\000a\000t\000r\000i\000x}{subsection.7.10}% 171
\BOOKMARK [3][-]{subsubsection.7.10.24}{\376\377\000T\000M\000H\000L\000\137\000R\000o\000w\000I\000n\000t\000e\000r\000c\000h\000a\000n\000g\000e}{subsection.7.10}% 172
\BOOKMARK [3][-]{subsubsection.7.10.25}{\376\377\000T\000M\000H\000L\000\137\000R\000o\000w\000T\000o\000M\000a\000t\000r\000i\000x}{subsection.7.10}% 173
\BOOKMARK [3][-]{subsubsection.7.10.26}{\376\377\000T\000M\000H\000L\000\137\000S\000u\000m\000M\000a\000t\000r\000i\000x}{subsection.7.10}% 174
\BOOKMARK [3][-]{subsubsection.7.10.27}{\376\377\000T\000M\000H\000L\000\137\000Z\000e\000r\000o\000M\000a\000t\000r\000i\000x}{subsection.7.10}% 175
\BOOKMARK [2][-]{subsection.7.11}{\376\377\004\034\004\065\004\102\004\100\004\070\004\072\004\060}{section.7}% 176
\BOOKMARK [3][-]{subsubsection.7.11.1}{\376\377\000T\000M\000H\000L\000\137\000C\000h\000e\000b\000y\000c\000h\000e\000v}{subsection.7.11}% 177
\BOOKMARK [3][-]{subsubsection.7.11.2}{\376\377\000T\000M\000H\000L\000\137\000C\000i\000t\000y\000B\000l\000o\000c\000k}{subsection.7.11}% 178
\BOOKMARK [3][-]{subsubsection.7.11.3}{\376\377\000T\000M\000H\000L\000\137\000E\000u\000c\000l\000i\000d}{subsection.7.11}% 179
\BOOKMARK [3][-]{subsubsection.7.11.4}{\376\377\000T\000M\000H\000L\000\137\000M\000i\000n\000k\000o\000v\000s\000k\000i}{subsection.7.11}% 180
\BOOKMARK [2][-]{subsection.7.12}{\376\377\004\034\004\076\004\064\004\065\004\073\004\070}{section.7}% 181
\BOOKMARK [3][-]{subsubsection.7.12.1}{\376\377\000M\000H\000L\000\137\000P\000e\000n\000d\000u\000l\000u\000m\000O\000f\000M\000a\000x\000w\000e\000l\000l}{subsection.7.12}% 182
\BOOKMARK [2][-]{subsection.7.13}{\376\377\004\035\004\065\004\077\004\060\004\100\004\060\004\074\004\065\004\102\004\100\004\070\004\072\004\060}{section.7}% 183
\BOOKMARK [3][-]{subsubsection.7.13.1}{\376\377\000M\000H\000L\000\137\000B\000e\000l\000l\000S\000h\000a\000p\000e\000d\000K\000e\000r\000n\000e\000l\000E\000x\000p}{subsection.7.13}% 184
\BOOKMARK [3][-]{subsubsection.7.13.2}{\376\377\000M\000H\000L\000\137\000B\000e\000l\000l\000S\000h\000a\000p\000e\000d\000K\000e\000r\000n\000e\000l\000P\000a\000r\000a\000b\000o\000l\000a}{subsection.7.13}% 185
\BOOKMARK [3][-]{subsubsection.7.13.3}{\376\377\000M\000H\000L\000\137\000B\000e\000l\000l\000S\000h\000a\000p\000e\000d\000K\000e\000r\000n\000e\000l\000R\000e\000c\000t\000a\000n\000g\000l\000e}{subsection.7.13}% 186
\BOOKMARK [3][-]{subsubsection.7.13.4}{\376\377\000M\000H\000L\000\137\000B\000e\000l\000l\000S\000h\000a\000p\000e\000d\000K\000e\000r\000n\000e\000l\000T\000r\000i\000a\000n\000g\000l\000e}{subsection.7.13}% 187
\BOOKMARK [3][-]{subsubsection.7.13.5}{\376\377\000M\000H\000L\000\137\000D\000e\000r\000i\000v\000a\000t\000i\000v\000e\000O\000f\000B\000e\000l\000l\000S\000h\000a\000p\000e\000d\000K\000e\000r\000n\000e\000l\000E\000x\000p}{subsection.7.13}% 188
\BOOKMARK [3][-]{subsubsection.7.13.6}{\376\377\000M\000H\000L\000\137\000D\000e\000r\000i\000v\000a\000t\000i\000v\000e\000O\000f\000B\000e\000l\000l\000S\000h\000a\000p\000e\000d\000K\000e\000r\000n\000e\000l\000P\000a\000r\000a\000b\000o\000l\000a}{subsection.7.13}% 189
\BOOKMARK [3][-]{subsubsection.7.13.7}{\376\377\000M\000H\000L\000\137\000D\000e\000r\000i\000v\000a\000t\000i\000v\000e\000O\000f\000B\000e\000l\000l\000S\000h\000a\000p\000e\000d\000K\000e\000r\000n\000e\000l\000R\000e\000c\000t\000a\000n\000g\000l\000e}{subsection.7.13}% 190
\BOOKMARK [3][-]{subsubsection.7.13.8}{\376\377\000M\000H\000L\000\137\000D\000e\000r\000i\000v\000a\000t\000i\000v\000e\000O\000f\000B\000e\000l\000l\000S\000h\000a\000p\000e\000d\000K\000e\000r\000n\000e\000l\000T\000r\000i\000a\000n\000g\000l\000e}{subsection.7.13}% 191
\BOOKMARK [3][-]{subsubsection.7.13.9}{\376\377\000M\000H\000L\000\137\000N\000o\000n\000p\000a\000r\000a\000m\000e\000t\000r\000i\000c\000E\000s\000t\000i\000m\000a\000t\000o\000r\000O\000f\000R\000e\000g\000r\000e\000s\000s\000i\000o\000n}{subsection.7.13}% 192
\BOOKMARK [2][-]{subsection.7.14}{\376\377\004\035\004\065\004\107\004\065\004\102\004\072\004\070\004\065\000\040\004\101\004\070\004\101\004\102\004\065\004\074\004\113}{section.7}% 193
\BOOKMARK [3][-]{subsubsection.7.14.1}{\376\377\000M\000H\000L\000\137\000C\000e\000n\000t\000r\000o\000i\000d\000O\000f\000T\000r\000a\000p\000e\000z\000i\000f\000o\000r\000m\000F\000u\000z\000z\000y\000N\000u\000m\000b\000e\000r}{subsection.7.14}% 194
\BOOKMARK [3][-]{subsubsection.7.14.2}{\376\377\000M\000H\000L\000\137\000M\000a\000x\000i\000M\000i\000n\000T\000r\000a\000p\000e\000z\000i\000f\000o\000r\000m\000F\000u\000z\000z\000y\000N\000u\000m\000b\000e\000r\000s}{subsection.7.14}% 195
\BOOKMARK [3][-]{subsubsection.7.14.3}{\376\377\000M\000H\000L\000\137\000T\000r\000a\000p\000e\000z\000i\000f\000o\000r\000m\000F\000u\000z\000z\000y\000N\000u\000m\000b\000e\000r}{subsection.7.14}% 196
\BOOKMARK [2][-]{subsection.7.15}{\376\377\004\036\004\077\004\102\004\070\004\074\004\070\004\067\004\060\004\106\004\070\004\117}{section.7}% 197
\BOOKMARK [3][-]{subsubsection.7.15.1}{\376\377\000M\000H\000L\000\137\000B\000i\000n\000a\000r\000y\000M\000o\000n\000t\000e\000C\000a\000r\000l\000o\000A\000l\000g\000o\000r\000i\000t\000h\000m}{subsection.7.15}% 198
\BOOKMARK [3][-]{subsubsection.7.15.2}{\376\377\000M\000H\000L\000\137\000D\000i\000c\000h\000o\000t\000o\000m\000y\000O\000p\000t\000i\000m\000i\000z\000a\000t\000i\000o\000n}{subsection.7.15}% 199
\BOOKMARK [3][-]{subsubsection.7.15.3}{\376\377\000M\000H\000L\000\137\000F\000i\000b\000o\000n\000a\000c\000c\000i\000O\000p\000t\000i\000m\000i\000z\000a\000t\000i\000o\000n}{subsection.7.15}% 200
\BOOKMARK [3][-]{subsubsection.7.15.4}{\376\377\000M\000H\000L\000\137\000G\000o\000l\000d\000e\000n\000S\000e\000c\000t\000i\000o\000n\000O\000p\000t\000i\000m\000i\000z\000a\000t\000i\000o\000n}{subsection.7.15}% 201
\BOOKMARK [3][-]{subsubsection.7.15.5}{\376\377\000M\000H\000L\000\137\000Q\000u\000a\000d\000r\000a\000t\000i\000c\000F\000i\000t\000O\000p\000t\000i\000m\000i\000z\000a\000t\000i\000o\000n}{subsection.7.15}% 202
\BOOKMARK [3][-]{subsubsection.7.15.6}{\376\377\000M\000H\000L\000\137\000R\000e\000a\000l\000M\000o\000n\000t\000e\000C\000a\000r\000l\000o\000A\000l\000g\000o\000r\000i\000t\000h\000m}{subsection.7.15}% 203
\BOOKMARK [3][-]{subsubsection.7.15.7}{\376\377\000M\000H\000L\000\137\000R\000e\000a\000l\000M\000o\000n\000t\000e\000C\000a\000r\000l\000o\000O\000p\000t\000i\000m\000i\000z\000a\000t\000i\000o\000n}{subsection.7.15}% 204
\BOOKMARK [3][-]{subsubsection.7.15.8}{\376\377\000M\000H\000L\000\137\000U\000n\000i\000f\000o\000r\000m\000S\000e\000a\000r\000c\000h\000O\000p\000t\000i\000m\000i\000z\000a\000t\000i\000o\000n}{subsection.7.15}% 205
\BOOKMARK [3][-]{subsubsection.7.15.9}{\376\377\000M\000H\000L\000\137\000U\000n\000i\000f\000o\000r\000m\000S\000e\000a\000r\000c\000h\000O\000p\000t\000i\000m\000i\000z\000a\000t\000i\000o\000n\000N}{subsection.7.15}% 206
\BOOKMARK [2][-]{subsection.7.16}{\376\377\004\036\004\077\004\102\004\070\004\074\004\070\004\067\004\060\004\106\004\070\004\117\000\040\000-\000\040\004\101\004\062\004\060\004\073\004\072\004\060\000\040\004\060\004\073\004\063\004\076\004\100\004\070\004\102\004\074\004\076\004\062}{section.7}% 207
\BOOKMARK [3][-]{subsubsection.7.16.1}{\376\377\000M\000H\000L\000\137\000B\000i\000n\000a\000r\000y\000G\000e\000n\000e\000t\000i\000c\000A\000l\000g\000o\000r\000i\000t\000h\000m\000T\000o\000u\000r\000n\000a\000m\000e\000n\000t\000S\000e\000l\000e\000c\000t\000i\000o\000n\000W\000i\000t\000h\000R\000e\000t\000u\000r\000n}{subsection.7.16}% 208
\BOOKMARK [3][-]{subsubsection.7.16.2}{\376\377\000M\000H\000L\000\137\000B\000i\000n\000a\000r\000y\000G\000e\000n\000e\000t\000i\000c\000A\000l\000g\000o\000r\000i\000t\000h\000m\000T\000w\000i\000c\000e\000G\000e\000n\000e\000r\000a\000t\000i\000o\000n\000s}{subsection.7.16}% 209
\BOOKMARK [3][-]{subsubsection.7.16.3}{\376\377\000M\000H\000L\000\137\000B\000i\000n\000a\000r\000y\000G\000e\000n\000e\000t\000i\000c\000A\000l\000g\000o\000r\000i\000t\000h\000m\000W\000C\000C}{subsection.7.16}% 210
\BOOKMARK [3][-]{subsubsection.7.16.4}{\376\377\000M\000H\000L\000\137\000B\000i\000n\000a\000r\000y\000G\000e\000n\000e\000t\000i\000c\000A\000l\000g\000o\000r\000i\000t\000h\000m\000W\000D\000P\000O\000f\000N\000O\000f\000G\000P\000S}{subsection.7.16}% 211
\BOOKMARK [3][-]{subsubsection.7.16.5}{\376\377\000M\000H\000L\000\137\000B\000i\000n\000a\000r\000y\000G\000e\000n\000e\000t\000i\000c\000A\000l\000g\000o\000r\000i\000t\000h\000m\000W\000D\000T\000S}{subsection.7.16}% 212
\BOOKMARK [3][-]{subsubsection.7.16.6}{\376\377\000M\000H\000L\000\137\000R\000e\000a\000l\000G\000e\000n\000e\000t\000i\000c\000A\000l\000g\000o\000r\000i\000t\000h\000m\000T\000o\000u\000r\000n\000a\000m\000e\000n\000t\000S\000e\000l\000e\000c\000t\000i\000o\000n\000W\000i\000t\000h\000R\000e\000t\000u\000r\000n}{subsection.7.16}% 213
\BOOKMARK [3][-]{subsubsection.7.16.7}{\376\377\000M\000H\000L\000\137\000R\000e\000a\000l\000G\000e\000n\000e\000t\000i\000c\000A\000l\000g\000o\000r\000i\000t\000h\000m\000T\000w\000i\000c\000e\000G\000e\000n\000e\000r\000a\000t\000i\000o\000n\000s}{subsection.7.16}% 214
\BOOKMARK [3][-]{subsubsection.7.16.8}{\376\377\000M\000H\000L\000\137\000R\000e\000a\000l\000G\000e\000n\000e\000t\000i\000c\000A\000l\000g\000o\000r\000i\000t\000h\000m\000W\000C\000C}{subsection.7.16}% 215
\BOOKMARK [3][-]{subsubsection.7.16.9}{\376\377\000M\000H\000L\000\137\000R\000e\000a\000l\000G\000e\000n\000e\000t\000i\000c\000A\000l\000g\000o\000r\000i\000t\000h\000m\000W\000D\000P\000O\000f\000N\000O\000f\000G\000P\000S}{subsection.7.16}% 216
\BOOKMARK [3][-]{subsubsection.7.16.10}{\376\377\000M\000H\000L\000\137\000R\000e\000a\000l\000G\000e\000n\000e\000t\000i\000c\000A\000l\000g\000o\000r\000i\000t\000h\000m\000W\000D\000T\000S}{subsection.7.16}% 217
\BOOKMARK [2][-]{subsection.7.17}{\376\377\004\037\004\065\004\100\004\065\004\062\004\076\004\064\000\040\004\065\004\064\004\070\004\075\004\070\004\106\000\040\004\070\004\067\004\074\004\065\004\100\004\065\004\075\004\070\004\071}{section.7}% 218
\BOOKMARK [3][-]{subsubsection.7.17.1}{\376\377\000M\000H\000L\000\137\000D\000e\000g\000T\000o\000R\000a\000d}{subsection.7.17}% 219
\BOOKMARK [3][-]{subsubsection.7.17.2}{\376\377\000M\000H\000L\000\137\000R\000a\000d\000T\000o\000D\000e\000g}{subsection.7.17}% 220
\BOOKMARK [2][-]{subsection.7.18}{\376\377\004\041\004\073\004\103\004\107\004\060\004\071\004\075\004\113\004\065\000\040\004\076\004\061\004\112\004\065\004\072\004\102\004\113}{section.7}% 221
\BOOKMARK [3][-]{subsubsection.7.18.1}{\376\377\000M\000H\000L\000\137\000B\000i\000t\000N\000u\000m\000b\000e\000r}{subsection.7.18}% 222
\BOOKMARK [3][-]{subsubsection.7.18.2}{\376\377\000M\000H\000L\000\137\000R\000a\000n\000d\000o\000m\000R\000e\000a\000l\000M\000a\000t\000r\000i\000x}{subsection.7.18}% 223
\BOOKMARK [3][-]{subsubsection.7.18.3}{\376\377\000M\000H\000L\000\137\000R\000a\000n\000d\000o\000m\000R\000e\000a\000l\000M\000a\000t\000r\000i\000x\000I\000n\000C\000o\000l\000s}{subsection.7.18}% 224
\BOOKMARK [3][-]{subsubsection.7.18.4}{\376\377\000M\000H\000L\000\137\000R\000a\000n\000d\000o\000m\000R\000e\000a\000l\000M\000a\000t\000r\000i\000x\000I\000n\000E\000l\000e\000m\000e\000n\000t\000s}{subsection.7.18}% 225
\BOOKMARK [3][-]{subsubsection.7.18.5}{\376\377\000M\000H\000L\000\137\000R\000a\000n\000d\000o\000m\000R\000e\000a\000l\000M\000a\000t\000r\000i\000x\000I\000n\000R\000o\000w\000s}{subsection.7.18}% 226
\BOOKMARK [3][-]{subsubsection.7.18.6}{\376\377\000M\000H\000L\000\137\000R\000a\000n\000d\000o\000m\000R\000e\000a\000l\000V\000e\000c\000t\000o\000r}{subsection.7.18}% 227
\BOOKMARK [3][-]{subsubsection.7.18.7}{\376\377\000M\000H\000L\000\137\000R\000a\000n\000d\000o\000m\000R\000e\000a\000l\000V\000e\000c\000t\000o\000r\000I\000n\000E\000l\000e\000m\000e\000n\000t\000s}{subsection.7.18}% 228
\BOOKMARK [3][-]{subsubsection.7.18.8}{\376\377\000M\000H\000L\000\137\000R\000a\000n\000d\000o\000m\000V\000e\000c\000t\000o\000r\000O\000f\000P\000r\000o\000b\000a\000b\000i\000l\000i\000t\000y}{subsection.7.18}% 229
\BOOKMARK [3][-]{subsubsection.7.18.9}{\376\377\000T\000M\000H\000L\000\137\000B\000e\000r\000n\000u\000l\000l\000i\000V\000e\000c\000t\000o\000r}{subsection.7.18}% 230
\BOOKMARK [3][-]{subsubsection.7.18.10}{\376\377\000T\000M\000H\000L\000\137\000R\000a\000n\000d\000o\000m\000A\000r\000r\000a\000n\000g\000i\000n\000g\000O\000b\000j\000e\000c\000t\000s\000I\000n\000t\000o\000B\000a\000s\000k\000e\000t\000s}{subsection.7.18}% 231
\BOOKMARK [3][-]{subsubsection.7.18.11}{\376\377\000T\000M\000H\000L\000\137\000R\000a\000n\000d\000o\000m\000B\000i\000n\000a\000r\000y\000M\000a\000t\000r\000i\000x}{subsection.7.18}% 232
\BOOKMARK [3][-]{subsubsection.7.18.12}{\376\377\000T\000M\000H\000L\000\137\000R\000a\000n\000d\000o\000m\000B\000i\000n\000a\000r\000y\000V\000e\000c\000t\000o\000r}{subsection.7.18}% 233
\BOOKMARK [3][-]{subsubsection.7.18.13}{\376\377\000T\000M\000H\000L\000\137\000R\000a\000n\000d\000o\000m\000I\000n\000t\000M\000a\000t\000r\000i\000x}{subsection.7.18}% 234
\BOOKMARK [3][-]{subsubsection.7.18.14}{\376\377\000T\000M\000H\000L\000\137\000R\000a\000n\000d\000o\000m\000I\000n\000t\000M\000a\000t\000r\000i\000x\000I\000n\000C\000o\000l\000s}{subsection.7.18}% 235
\BOOKMARK [3][-]{subsubsection.7.18.15}{\376\377\000T\000M\000H\000L\000\137\000R\000a\000n\000d\000o\000m\000I\000n\000t\000M\000a\000t\000r\000i\000x\000I\000n\000E\000l\000e\000m\000e\000n\000t\000s}{subsection.7.18}% 236
\BOOKMARK [3][-]{subsubsection.7.18.16}{\376\377\000T\000M\000H\000L\000\137\000R\000a\000n\000d\000o\000m\000I\000n\000t\000M\000a\000t\000r\000i\000x\000I\000n\000R\000o\000w\000s}{subsection.7.18}% 237
\BOOKMARK [3][-]{subsubsection.7.18.17}{\376\377\000T\000M\000H\000L\000\137\000R\000a\000n\000d\000o\000m\000I\000n\000t\000V\000e\000c\000t\000o\000r}{subsection.7.18}% 238
\BOOKMARK [3][-]{subsubsection.7.18.18}{\376\377\000T\000M\000H\000L\000\137\000R\000a\000n\000d\000o\000m\000I\000n\000t\000V\000e\000c\000t\000o\000r\000I\000n\000E\000l\000e\000m\000e\000n\000t\000s}{subsection.7.18}% 239
\BOOKMARK [3][-]{subsubsection.7.18.19}{\376\377\000T\000M\000H\000L\000\137\000R\000a\000n\000d\000o\000m\000M\000a\000t\000r\000i\000x\000O\000f\000P\000e\000r\000m\000u\000t\000a\000t\000i\000o\000n}{subsection.7.18}% 240
\BOOKMARK [3][-]{subsubsection.7.18.20}{\376\377\000T\000M\000H\000L\000\137\000R\000a\000n\000d\000o\000m\000V\000e\000c\000t\000o\000r\000O\000f\000P\000e\000r\000m\000u\000t\000a\000t\000i\000o\000n}{subsection.7.18}% 241
\BOOKMARK [2][-]{subsection.7.19}{\376\377\004\041\004\073\004\103\004\107\004\060\004\071\004\075\004\113\004\065\000\040\004\107\004\070\004\101\004\073\004\060}{section.7}% 242
\BOOKMARK [3][-]{subsubsection.7.19.1}{\376\377\000M\000H\000L\000\137\000R\000a\000n\000d\000o\000m\000N\000o\000r\000m\000a\000l}{subsection.7.19}% 243
\BOOKMARK [3][-]{subsubsection.7.19.2}{\376\377\000M\000H\000L\000\137\000R\000a\000n\000d\000o\000m\000U\000n\000i\000f\000o\000r\000m}{subsection.7.19}% 244
\BOOKMARK [3][-]{subsubsection.7.19.3}{\376\377\000M\000H\000L\000\137\000R\000a\000n\000d\000o\000m\000U\000n\000i\000f\000o\000r\000m\000I\000n\000t}{subsection.7.19}% 245
\BOOKMARK [3][-]{subsubsection.7.19.4}{\376\377\000M\000H\000L\000\137\000R\000a\000n\000d\000o\000m\000U\000n\000i\000f\000o\000r\000m\000I\000n\000t\000I\000n\000c\000l\000u\000d\000i\000n\000g}{subsection.7.19}% 246
\BOOKMARK [2][-]{subsection.7.20}{\376\377\004\041\004\076\004\100\004\102\004\070\004\100\004\076\004\062\004\072\004\060}{section.7}% 247
\BOOKMARK [3][-]{subsubsection.7.20.1}{\376\377\000T\000M\000H\000L\000\137\000B\000u\000b\000b\000l\000e\000D\000e\000s\000c\000e\000n\000d\000i\000n\000g\000S\000o\000r\000t}{subsection.7.20}% 248
\BOOKMARK [3][-]{subsubsection.7.20.2}{\376\377\000T\000M\000H\000L\000\137\000B\000u\000b\000b\000l\000e\000S\000o\000r\000t}{subsection.7.20}% 249
\BOOKMARK [3][-]{subsubsection.7.20.3}{\376\377\000T\000M\000H\000L\000\137\000B\000u\000b\000b\000l\000e\000S\000o\000r\000t\000C\000o\000l\000W\000i\000t\000h\000O\000t\000h\000e\000r\000C\000o\000n\000j\000u\000g\000a\000t\000e\000C\000o\000l\000s\000I\000n\000M\000a\000t\000r\000i\000x}{subsection.7.20}% 250
\BOOKMARK [3][-]{subsubsection.7.20.4}{\376\377\000T\000M\000H\000L\000\137\000B\000u\000b\000b\000l\000e\000S\000o\000r\000t\000E\000v\000e\000r\000y\000C\000o\000l\000I\000n\000M\000a\000t\000r\000i\000x}{subsection.7.20}% 251
\BOOKMARK [3][-]{subsubsection.7.20.5}{\376\377\000T\000M\000H\000L\000\137\000B\000u\000b\000b\000l\000e\000S\000o\000r\000t\000E\000v\000e\000r\000y\000R\000o\000w\000I\000n\000M\000a\000t\000r\000i\000x}{subsection.7.20}% 252
\BOOKMARK [3][-]{subsubsection.7.20.6}{\376\377\000T\000M\000H\000L\000\137\000B\000u\000b\000b\000l\000e\000S\000o\000r\000t\000I\000n\000G\000r\000o\000u\000p\000s}{subsection.7.20}% 253
\BOOKMARK [3][-]{subsubsection.7.20.7}{\376\377\000T\000M\000H\000L\000\137\000B\000u\000b\000b\000l\000e\000S\000o\000r\000t\000R\000o\000w\000W\000i\000t\000h\000O\000t\000h\000e\000r\000C\000o\000n\000j\000u\000g\000a\000t\000e\000R\000o\000w\000s\000I\000n\000M\000a\000t\000r\000i\000x}{subsection.7.20}% 254
\BOOKMARK [3][-]{subsubsection.7.20.8}{\376\377\000T\000M\000H\000L\000\137\000B\000u\000b\000b\000l\000e\000S\000o\000r\000t\000W\000i\000t\000h\000C\000o\000n\000j\000u\000g\000a\000t\000e\000V\000e\000c\000t\000o\000r}{subsection.7.20}% 255
\BOOKMARK [3][-]{subsubsection.7.20.9}{\376\377\000T\000M\000H\000L\000\137\000B\000u\000b\000b\000l\000e\000S\000o\000r\000t\000W\000i\000t\000h\000T\000w\000o\000C\000o\000n\000j\000u\000g\000a\000t\000e\000V\000e\000c\000t\000o\000r\000s}{subsection.7.20}% 256
\BOOKMARK [2][-]{subsection.7.21}{\376\377\004\041\004\102\004\060\004\102\004\070\004\101\004\102\004\070\004\072\004\060\000\040\004\070\000\040\004\102\004\065\004\076\004\100\004\070\004\117\000\040\004\062\004\065\004\100\004\076\004\117\004\102\004\075\004\076\004\101\004\102\004\070}{section.7}% 257
\BOOKMARK [3][-]{subsubsection.7.21.1}{\376\377\000M\000H\000L\000\137\000D\000e\000n\000s\000i\000t\000y\000O\000f\000D\000i\000s\000t\000r\000i\000b\000u\000t\000i\000o\000n\000O\000f\000N\000o\000r\000m\000a\000l\000i\000z\000e\000d\000C\000e\000n\000t\000e\000r\000e\000d\000N\000o\000r\000m\000a\000l\000D\000i\000s\000t\000r\000i\000b\000u\000t\000i\000o\000n}{subsection.7.21}% 258
\BOOKMARK [3][-]{subsubsection.7.21.2}{\376\377\000M\000H\000L\000\137\000D\000i\000s\000t\000r\000i\000b\000u\000t\000i\000o\000n\000F\000u\000n\000c\000t\000i\000o\000n\000O\000f\000N\000o\000r\000m\000a\000l\000D\000i\000s\000t\000r\000i\000b\000u\000t\000i\000o\000n}{subsection.7.21}% 259
\BOOKMARK [3][-]{subsubsection.7.21.3}{\376\377\000M\000H\000L\000\137\000D\000i\000s\000t\000r\000i\000b\000u\000t\000i\000o\000n\000F\000u\000n\000c\000t\000i\000o\000n\000O\000f\000N\000o\000r\000m\000a\000l\000i\000z\000e\000d\000C\000e\000n\000t\000e\000r\000e\000d\000N\000o\000r\000m\000a\000l\000D\000i\000s\000t\000r\000i\000b\000u\000t\000i\000o\000n}{subsection.7.21}% 260
\BOOKMARK [3][-]{subsubsection.7.21.4}{\376\377\000M\000H\000L\000\137\000L\000e\000f\000t\000B\000o\000r\000d\000e\000r\000O\000f\000W\000i\000l\000c\000o\000x\000o\000n\000W\000F\000r\000o\000m\000T\000a\000b\000l\000e}{subsection.7.21}% 261
\BOOKMARK [3][-]{subsubsection.7.21.5}{\376\377\000M\000H\000L\000\137\000R\000i\000g\000h\000t\000B\000o\000r\000d\000e\000r\000O\000f\000W\000i\000l\000c\000o\000x\000o\000n\000W\000F\000r\000o\000m\000T\000a\000b\000l\000e}{subsection.7.21}% 262
\BOOKMARK [3][-]{subsubsection.7.21.6}{\376\377\000M\000H\000L\000\137\000S\000t\000d\000D\000e\000v\000T\000o\000V\000a\000r\000i\000a\000n\000c\000e}{subsection.7.21}% 263
\BOOKMARK [3][-]{subsubsection.7.21.7}{\376\377\000M\000H\000L\000\137\000V\000a\000r\000i\000a\000n\000c\000e\000T\000o\000S\000t\000d\000D\000e\000v}{subsection.7.21}% 264
\BOOKMARK [3][-]{subsubsection.7.21.8}{\376\377\000M\000H\000L\000\137\000W\000i\000l\000c\000o\000x\000o\000n\000W}{subsection.7.21}% 265
\BOOKMARK [3][-]{subsubsection.7.21.9}{\376\377\000T\000M\000H\000L\000\137\000M\000e\000a\000n}{subsection.7.21}% 266
\BOOKMARK [3][-]{subsubsection.7.21.10}{\376\377\000T\000M\000H\000L\000\137\000M\000e\000a\000n\000O\000f\000F\000i\000l\000t\000e\000r}{subsection.7.21}% 267
\BOOKMARK [3][-]{subsubsection.7.21.11}{\376\377\000T\000M\000H\000L\000\137\000M\000e\000a\000n\000O\000f\000L\000o\000w\000e\000r\000F\000i\000l\000t\000e\000r}{subsection.7.21}% 268
\BOOKMARK [3][-]{subsubsection.7.21.12}{\376\377\000T\000M\000H\000L\000\137\000M\000e\000a\000n\000O\000f\000U\000p\000p\000e\000r\000F\000i\000l\000t\000e\000r}{subsection.7.21}% 269
\BOOKMARK [3][-]{subsubsection.7.21.13}{\376\377\000T\000M\000H\000L\000\137\000M\000e\000d\000i\000a\000n}{subsection.7.21}% 270
\BOOKMARK [3][-]{subsubsection.7.21.14}{\376\377\000T\000M\000H\000L\000\137\000S\000a\000m\000p\000l\000e\000C\000o\000v\000a\000r\000i\000a\000n\000c\000e}{subsection.7.21}% 271
\BOOKMARK [3][-]{subsubsection.7.21.15}{\376\377\000T\000M\000H\000L\000\137\000U\000n\000c\000o\000r\000r\000e\000c\000t\000e\000d\000V\000a\000r\000i\000a\000n\000c\000e}{subsection.7.21}% 272
\BOOKMARK [3][-]{subsubsection.7.21.16}{\376\377\000T\000M\000H\000L\000\137\000V\000a\000r\000i\000a\000n\000c\000e}{subsection.7.21}% 273
\BOOKMARK [2][-]{subsection.7.22}{\376\377\004\042\004\065\004\101\004\102\004\076\004\062\004\113\004\065\000\040\004\104\004\103\004\075\004\072\004\106\004\070\004\070\000\040\004\064\004\073\004\117\000\040\004\076\004\077\004\102\004\070\004\074\004\070\004\067\004\060\004\106\004\070\004\070}{section.7}% 274
\BOOKMARK [3][-]{subsubsection.7.22.1}{\376\377\000M\000H\000L\000\137\000T\000e\000s\000t\000F\000u\000n\000c\000t\000i\000o\000n\000\137\000A\000c\000k\000l\000e\000y}{subsection.7.22}% 275
\BOOKMARK [3][-]{subsubsection.7.22.2}{\376\377\000M\000H\000L\000\137\000T\000e\000s\000t\000F\000u\000n\000c\000t\000i\000o\000n\000\137\000A\000d\000d\000i\000t\000i\000v\000e\000P\000o\000t\000e\000n\000t\000i\000a\000l}{subsection.7.22}% 276
\BOOKMARK [3][-]{subsubsection.7.22.3}{\376\377\000M\000H\000L\000\137\000T\000e\000s\000t\000F\000u\000n\000c\000t\000i\000o\000n\000\137\000B\000o\000s\000o\000m}{subsection.7.22}% 277
\BOOKMARK [3][-]{subsubsection.7.22.4}{\376\377\000M\000H\000L\000\137\000T\000e\000s\000t\000F\000u\000n\000c\000t\000i\000o\000n\000\137\000E\000g\000g\000H\000o\000l\000d\000e\000r}{subsection.7.22}% 278
\BOOKMARK [3][-]{subsubsection.7.22.5}{\376\377\000M\000H\000L\000\137\000T\000e\000s\000t\000F\000u\000n\000c\000t\000i\000o\000n\000\137\000G\000a\000u\000s\000s\000i\000a\000n\000Q\000u\000a\000r\000t\000i\000c}{subsection.7.22}% 279
\BOOKMARK [3][-]{subsubsection.7.22.6}{\376\377\000M\000H\000L\000\137\000T\000e\000s\000t\000F\000u\000n\000c\000t\000i\000o\000n\000\137\000G\000r\000i\000e\000w\000a\000n\000g\000k}{subsection.7.22}% 280
\BOOKMARK [3][-]{subsubsection.7.22.7}{\376\377\000M\000H\000L\000\137\000T\000e\000s\000t\000F\000u\000n\000c\000t\000i\000o\000n\000\137\000H\000i\000m\000m\000e\000l\000b\000l\000a\000u}{subsection.7.22}% 281
\BOOKMARK [3][-]{subsubsection.7.22.8}{\376\377\000M\000H\000L\000\137\000T\000e\000s\000t\000F\000u\000n\000c\000t\000i\000o\000n\000\137\000H\000y\000p\000e\000r\000E\000l\000l\000i\000p\000s\000o\000i\000d}{subsection.7.22}% 282
\BOOKMARK [3][-]{subsubsection.7.22.9}{\376\377\000M\000H\000L\000\137\000T\000e\000s\000t\000F\000u\000n\000c\000t\000i\000o\000n\000\137\000I\000n\000v\000e\000r\000t\000e\000d\000R\000o\000s\000e\000n\000b\000r\000o\000c\000k}{subsection.7.22}% 283
\BOOKMARK [3][-]{subsubsection.7.22.10}{\376\377\000M\000H\000L\000\137\000T\000e\000s\000t\000F\000u\000n\000c\000t\000i\000o\000n\000\137\000K\000a\000t\000n\000i\000k\000o\000v}{subsection.7.22}% 284
\BOOKMARK [3][-]{subsubsection.7.22.11}{\376\377\000M\000H\000L\000\137\000T\000e\000s\000t\000F\000u\000n\000c\000t\000i\000o\000n\000\137\000M\000u\000l\000t\000i\000e\000x\000t\000r\000e\000m\000a\000l}{subsection.7.22}% 285
\BOOKMARK [3][-]{subsubsection.7.22.12}{\376\377\000M\000H\000L\000\137\000T\000e\000s\000t\000F\000u\000n\000c\000t\000i\000o\000n\000\137\000M\000u\000l\000t\000i\000e\000x\000t\000r\000e\000m\000a\000l\0002}{subsection.7.22}% 286
\BOOKMARK [3][-]{subsubsection.7.22.13}{\376\377\000M\000H\000L\000\137\000T\000e\000s\000t\000F\000u\000n\000c\000t\000i\000o\000n\000\137\000M\000u\000l\000t\000i\000e\000x\000t\000r\000e\000m\000a\000l\0003}{subsection.7.22}% 287
\BOOKMARK [3][-]{subsubsection.7.22.14}{\376\377\000M\000H\000L\000\137\000T\000e\000s\000t\000F\000u\000n\000c\000t\000i\000o\000n\000\137\000M\000u\000l\000t\000i\000e\000x\000t\000r\000e\000m\000a\000l\0004}{subsection.7.22}% 288
\BOOKMARK [3][-]{subsubsection.7.22.15}{\376\377\000M\000H\000L\000\137\000T\000e\000s\000t\000F\000u\000n\000c\000t\000i\000o\000n\000\137\000M\000u\000l\000t\000i\000p\000l\000i\000c\000a\000t\000i\000v\000e\000P\000o\000t\000e\000n\000t\000i\000a\000l}{subsection.7.22}% 289
\BOOKMARK [3][-]{subsubsection.7.22.16}{\376\377\000M\000H\000L\000\137\000T\000e\000s\000t\000F\000u\000n\000c\000t\000i\000o\000n\000\137\000P\000a\000r\000a\000b\000o\000l\000o\000i\000d\000O\000f\000R\000e\000v\000o\000l\000u\000t\000i\000o\000n}{subsection.7.22}% 290
\BOOKMARK [3][-]{subsubsection.7.22.17}{\376\377\000M\000H\000L\000\137\000T\000e\000s\000t\000F\000u\000n\000c\000t\000i\000o\000n\000\137\000R\000a\000n\000a}{subsection.7.22}% 291
\BOOKMARK [3][-]{subsubsection.7.22.18}{\376\377\000M\000H\000L\000\137\000T\000e\000s\000t\000F\000u\000n\000c\000t\000i\000o\000n\000\137\000R\000a\000s\000t\000r\000i\000g\000i\000n}{subsection.7.22}% 292
\BOOKMARK [3][-]{subsubsection.7.22.19}{\376\377\000M\000H\000L\000\137\000T\000e\000s\000t\000F\000u\000n\000c\000t\000i\000o\000n\000\137\000R\000a\000s\000t\000r\000i\000g\000i\000n\000N\000o\000v\000g\000o\000r\000o\000d}{subsection.7.22}% 293
\BOOKMARK [3][-]{subsubsection.7.22.20}{\376\377\000M\000H\000L\000\137\000T\000e\000s\000t\000F\000u\000n\000c\000t\000i\000o\000n\000\137\000R\000a\000s\000t\000r\000i\000g\000i\000n\000W\000i\000t\000h\000C\000h\000a\000n\000g\000e}{subsection.7.22}% 294
\BOOKMARK [3][-]{subsubsection.7.22.21}{\376\377\000M\000H\000L\000\137\000T\000e\000s\000t\000F\000u\000n\000c\000t\000i\000o\000n\000\137\000R\000a\000s\000t\000r\000i\000g\000i\000n\000W\000i\000t\000h\000T\000u\000r\000n\000i\000n\000g}{subsection.7.22}% 295
\BOOKMARK [3][-]{subsubsection.7.22.22}{\376\377\000M\000H\000L\000\137\000T\000e\000s\000t\000F\000u\000n\000c\000t\000i\000o\000n\000\137\000R\000e\000v\000e\000r\000s\000e\000G\000r\000i\000e\000w\000a\000n\000k}{subsection.7.22}% 296
\BOOKMARK [3][-]{subsubsection.7.22.23}{\376\377\000M\000H\000L\000\137\000T\000e\000s\000t\000F\000u\000n\000c\000t\000i\000o\000n\000\137\000R\000o\000s\000e\000n\000b\000r\000o\000c\000k}{subsection.7.22}% 297
\BOOKMARK [3][-]{subsubsection.7.22.24}{\376\377\000M\000H\000L\000\137\000T\000e\000s\000t\000F\000u\000n\000c\000t\000i\000o\000n\000\137\000R\000o\000t\000a\000t\000e\000d\000H\000y\000p\000e\000r\000E\000l\000l\000i\000p\000s\000o\000i\000d}{subsection.7.22}% 298
\BOOKMARK [3][-]{subsubsection.7.22.25}{\376\377\000M\000H\000L\000\137\000T\000e\000s\000t\000F\000u\000n\000c\000t\000i\000o\000n\000\137\000S\000c\000h\000w\000e\000f\000e\000l}{subsection.7.22}% 299
\BOOKMARK [3][-]{subsubsection.7.22.26}{\376\377\000M\000H\000L\000\137\000T\000e\000s\000t\000F\000u\000n\000c\000t\000i\000o\000n\000\137\000S\000h\000e\000k\000e\000l\000s\000F\000o\000x\000h\000o\000l\000e\000s}{subsection.7.22}% 300
\BOOKMARK [3][-]{subsubsection.7.22.27}{\376\377\000M\000H\000L\000\137\000T\000e\000s\000t\000F\000u\000n\000c\000t\000i\000o\000n\000\137\000S\000o\000m\000b\000r\000e\000r\000o}{subsection.7.22}% 301
\BOOKMARK [3][-]{subsubsection.7.22.28}{\376\377\000M\000H\000L\000\137\000T\000e\000s\000t\000F\000u\000n\000c\000t\000i\000o\000n\000\137\000S\000t\000e\000p\000F\000u\000n\000c\000t\000i\000o\000n}{subsection.7.22}% 302
\BOOKMARK [3][-]{subsubsection.7.22.29}{\376\377\000M\000H\000L\000\137\000T\000e\000s\000t\000F\000u\000n\000c\000t\000i\000o\000n\000\137\000S\000u\000m\000V\000e\000c\000t\000o\000r}{subsection.7.22}% 303
\BOOKMARK [3][-]{subsubsection.7.22.30}{\376\377\000M\000H\000L\000\137\000T\000e\000s\000t\000F\000u\000n\000c\000t\000i\000o\000n\000\137\000W\000a\000v\000e}{subsection.7.22}% 304
\BOOKMARK [2][-]{subsection.7.23}{\376\377\004\042\004\100\004\070\004\063\004\076\004\075\004\076\004\074\004\065\004\102\004\100\004\070\004\107\004\065\004\101\004\072\004\070\004\065\000\040\004\104\004\103\004\075\004\072\004\106\004\070\004\070}{section.7}% 305
\BOOKMARK [3][-]{subsubsection.7.23.1}{\376\377\000M\000H\000L\000\137\000C\000o\000s}{subsection.7.23}% 306
\BOOKMARK [3][-]{subsubsection.7.23.2}{\376\377\000M\000H\000L\000\137\000C\000o\000s\000D\000e\000g}{subsection.7.23}% 307
\BOOKMARK [3][-]{subsubsection.7.23.3}{\376\377\000M\000H\000L\000\137\000C\000o\000s\000e\000c}{subsection.7.23}% 308
\BOOKMARK [3][-]{subsubsection.7.23.4}{\376\377\000M\000H\000L\000\137\000C\000o\000s\000e\000c\000D\000e\000g}{subsection.7.23}% 309
\BOOKMARK [3][-]{subsubsection.7.23.5}{\376\377\000M\000H\000L\000\137\000C\000o\000t\000a\000n}{subsection.7.23}% 310
\BOOKMARK [3][-]{subsubsection.7.23.6}{\376\377\000M\000H\000L\000\137\000C\000o\000t\000a\000n\000D\000e\000g}{subsection.7.23}% 311
\BOOKMARK [3][-]{subsubsection.7.23.7}{\376\377\000M\000H\000L\000\137\000S\000e\000c}{subsection.7.23}% 312
\BOOKMARK [3][-]{subsubsection.7.23.8}{\376\377\000M\000H\000L\000\137\000S\000e\000c\000D\000e\000g}{subsection.7.23}% 313
\BOOKMARK [3][-]{subsubsection.7.23.9}{\376\377\000M\000H\000L\000\137\000S\000i\000n}{subsection.7.23}% 314
\BOOKMARK [3][-]{subsubsection.7.23.10}{\376\377\000M\000H\000L\000\137\000S\000i\000n\000D\000e\000g}{subsection.7.23}% 315
\BOOKMARK [3][-]{subsubsection.7.23.11}{\376\377\000M\000H\000L\000\137\000T\000a\000n}{subsection.7.23}% 316
\BOOKMARK [3][-]{subsubsection.7.23.12}{\376\377\000M\000H\000L\000\137\000T\000a\000n\000D\000e\000g}{subsection.7.23}% 317
\BOOKMARK [2][-]{subsection.7.24}{\376\377\004\043\004\100\004\060\004\062\004\075\004\065\004\075\004\070\004\117}{section.7}% 318
\BOOKMARK [3][-]{subsubsection.7.24.1}{\376\377\000M\000H\000L\000\137\000Q\000u\000a\000d\000r\000a\000t\000i\000c\000E\000q\000u\000a\000t\000i\000o\000n}{subsection.7.24}% 319
\BOOKMARK [3][-]{subsubsection.7.24.2}{\376\377\000M\000H\000L\000\137\000Q\000u\000a\000d\000r\000a\000t\000i\000c\000E\000q\000u\000a\000t\000i\000o\000n\000C\000o\000u\000n\000t}{subsection.7.24}% 320
\BOOKMARK [2][-]{subsection.7.25}{\376\377\004\046\004\062\004\065\004\102}{section.7}% 321
\BOOKMARK [3][-]{subsubsection.7.25.1}{\376\377\000M\000H\000L\000\137\000A\000l\000p\000h\000a\000B\000l\000e\000n\000d\000i\000n\000g\000C\000o\000l\000o\000r\000T\000o\000C\000o\000l\000o\000r\000B}{subsection.7.25}% 322
\BOOKMARK [3][-]{subsubsection.7.25.2}{\376\377\000M\000H\000L\000\137\000A\000l\000p\000h\000a\000B\000l\000e\000n\000d\000i\000n\000g\000C\000o\000l\000o\000r\000T\000o\000C\000o\000l\000o\000r\000G}{subsection.7.25}% 323
\BOOKMARK [3][-]{subsubsection.7.25.3}{\376\377\000M\000H\000L\000\137\000A\000l\000p\000h\000a\000B\000l\000e\000n\000d\000i\000n\000g\000C\000o\000l\000o\000r\000T\000o\000C\000o\000l\000o\000r\000R}{subsection.7.25}% 324
\BOOKMARK [3][-]{subsubsection.7.25.4}{\376\377\000M\000H\000L\000\137\000C\000o\000l\000o\000r\000F\000r\000o\000m\000G\000r\000a\000d\000i\000e\000n\000t\000B}{subsection.7.25}% 325
\BOOKMARK [3][-]{subsubsection.7.25.5}{\376\377\000M\000H\000L\000\137\000C\000o\000l\000o\000r\000F\000r\000o\000m\000G\000r\000a\000d\000i\000e\000n\000t\000G}{subsection.7.25}% 326
\BOOKMARK [3][-]{subsubsection.7.25.6}{\376\377\000M\000H\000L\000\137\000C\000o\000l\000o\000r\000F\000r\000o\000m\000G\000r\000a\000d\000i\000e\000n\000t\000R}{subsection.7.25}% 327
\BOOKMARK [3][-]{subsubsection.7.25.7}{\376\377\000M\000H\000L\000\137\000G\000i\000v\000e\000R\000a\000i\000n\000b\000o\000w\000C\000o\000l\000o\000r\000B}{subsection.7.25}% 328
\BOOKMARK [3][-]{subsubsection.7.25.8}{\376\377\000M\000H\000L\000\137\000G\000i\000v\000e\000R\000a\000i\000n\000b\000o\000w\000C\000o\000l\000o\000r\000G}{subsection.7.25}% 329
\BOOKMARK [3][-]{subsubsection.7.25.9}{\376\377\000M\000H\000L\000\137\000G\000i\000v\000e\000R\000a\000i\000n\000b\000o\000w\000C\000o\000l\000o\000r\000R}{subsection.7.25}% 330
\BOOKMARK [1][-]{section*.67}{\376\377\004\041\004\077\004\070\004\101\004\076\004\072\000\040\004\073\004\070\004\102\004\065\004\100\004\060\004\102\004\103\004\100\004\113}{}% 331
