\BOOKMARK [1][-]{section.1}{\376\377\004\036\004\077\004\070\004\101\004\060\004\075\004\070\004\065}{}% 1
\BOOKMARK [1][-]{section.2}{\376\377\004\043\004\101\004\102\004\060\004\075\004\076\004\062\004\072\004\060}{}% 2
\BOOKMARK [2][-]{subsection.2.1}{\376\377\004\036\004\061\004\111\004\070\004\071\000\040\004\060\004\073\004\063\004\076\004\100\004\070\004\102\004\074\000\040\004\077\004\076\004\064\004\072\004\073\004\116\004\107\004\065\004\075\004\070\004\117}{section.2}% 3
\BOOKMARK [2][-]{subsection.2.2}{\376\377\004\037\004\076\004\064\004\072\004\073\004\116\004\107\004\065\004\075\004\070\004\065\000\040\004\072\000\040\000Q\000t\000\040\004\075\004\060\000\040\004\077\004\100\004\070\004\074\004\065\004\100\004\065\000\040\000Q\000t\000\040\0005\000.\0001\000.\0000}{section.2}% 4
\BOOKMARK [2][-]{subsection.2.3}{\376\377\004\037\004\076\004\064\004\072\004\073\004\116\004\107\004\065\004\075\004\070\004\065\000\040\004\072\000\040\000C\000+\000+\000\040\000B\000u\000i\000l\000d\000e\000r\000\040\004\075\004\060\000\040\004\077\004\100\004\070\004\074\004\065\004\100\004\065\000\040\000C\000+\000+\000\040\000B\000u\000i\000l\000d\000e\000r\000\040\0006\000.\0000}{section.2}% 5
\BOOKMARK [2][-]{subsection.2.4}{\376\377\004\037\004\076\004\064\004\072\004\073\004\116\004\107\004\065\004\075\004\070\004\065\000\040\004\072\000\040\000C\000+\000+\000\040\000B\000u\000i\000l\000d\000e\000r\000\040\004\075\004\060\000\040\004\077\004\100\004\070\004\074\004\065\004\100\004\065\000\040\000C\000+\000+\000B\000u\000i\000l\000d\000e\000r\000\040\000X\000E\0004}{section.2}% 6
\BOOKMARK [2][-]{subsection.2.5}{\376\377\004\037\004\076\004\064\004\072\004\073\004\116\004\107\004\065\004\075\004\070\004\065\000\040\004\072\000\040\000M\000i\000c\000r\000o\000s\000o\000f\000t\000\040\000V\000i\000s\000u\000a\000l\000\040\000S\000t\000u\000d\000i\000o\000\040\004\075\004\060\000\040\004\077\004\100\004\070\004\074\004\065\004\100\004\065\000\040\000V\000i\000s\000u\000a\000l\000\040\000S\000t\000u\000d\000i\000o\000\040\0002\0000\0001\0002}{section.2}% 7
\BOOKMARK [1][-]{section.3}{\376\377\004\036\000\040\004\101\004\073\004\103\004\107\004\060\004\071\004\075\004\113\004\105\000\040\004\107\004\070\004\101\004\073\004\060\004\105\000\040\004\062\000\040\004\061\004\070\004\061\004\073\004\070\004\076\004\102\004\065\004\072\004\065\000\040\000M\000a\000t\000h\000H\000a\000r\000r\000i\000x\000L\000i\000b\000r\000a\000r\000y}{}% 8
\BOOKMARK [1][-]{section.4}{\376\377\004\032\004\060\004\072\000\040\004\064\004\076\004\061\004\060\004\062\004\073\004\117\004\102\004\114\000\040\004\075\004\076\004\062\004\113\004\065\000\040\004\104\004\103\004\075\004\072\004\106\004\070\004\070\000\040\004\062\000\040\004\061\004\070\004\061\004\073\004\070\004\076\004\102\004\065\004\072\004\103}{}% 9
\BOOKMARK [1][-]{section.5}{\376\377\004\041\004\077\004\070\004\101\004\076\004\072\000\040\004\104\004\103\004\075\004\072\004\106\004\070\004\071}{}% 10
\BOOKMARK [1][-]{section.6}{\376\377\004\044\004\103\004\075\004\072\004\106\004\070\004\070}{}% 11
\BOOKMARK [2][-]{subsection.6.1}{\376\377\004\022\004\065\004\072\004\102\004\076\004\100\004\060\000\040\000\050\004\036\004\064\004\075\004\076\004\074\004\065\004\100\004\075\004\113\004\065\000\040\004\074\004\060\004\101\004\101\004\070\004\062\004\113\000\051}{section.6}% 12
\BOOKMARK [3][-]{subsubsection.6.1.1}{\376\377\000M\000H\000L\000\137\000E\000u\000c\000l\000i\000d\000N\000o\000r\000m\000a}{subsection.6.1}% 13
\BOOKMARK [3][-]{subsubsection.6.1.2}{\376\377\000M\000H\000L\000\137\000N\000o\000i\000s\000e\000I\000n\000V\000e\000c\000t\000o\000r}{subsection.6.1}% 14
\BOOKMARK [3][-]{subsubsection.6.1.3}{\376\377\000T\000M\000H\000L\000\137\000A\000c\000c\000e\000p\000t\000a\000n\000c\000e\000L\000i\000m\000i\000t\000s}{subsection.6.1}% 15
\BOOKMARK [3][-]{subsubsection.6.1.4}{\376\377\000T\000M\000H\000L\000\137\000C\000h\000e\000c\000k\000E\000l\000e\000m\000e\000n\000t\000I\000n\000V\000e\000c\000t\000o\000r}{subsection.6.1}% 16
\BOOKMARK [3][-]{subsubsection.6.1.5}{\376\377\000T\000M\000H\000L\000\137\000E\000q\000u\000a\000l\000i\000t\000y\000O\000f\000V\000e\000c\000t\000o\000r\000s}{subsection.6.1}% 17
\BOOKMARK [3][-]{subsubsection.6.1.6}{\376\377\000T\000M\000H\000L\000\137\000F\000i\000b\000o\000n\000a\000c\000c\000i\000N\000u\000m\000b\000e\000r\000s\000V\000e\000c\000t\000o\000r}{subsection.6.1}% 18
\BOOKMARK [3][-]{subsubsection.6.1.7}{\376\377\000T\000M\000H\000L\000\137\000F\000i\000l\000l\000V\000e\000c\000t\000o\000r}{subsection.6.1}% 19
\BOOKMARK [3][-]{subsubsection.6.1.8}{\376\377\000T\000M\000H\000L\000\137\000M\000a\000x\000i\000m\000u\000m\000O\000f\000V\000e\000c\000t\000o\000r}{subsection.6.1}% 20
\BOOKMARK [3][-]{subsubsection.6.1.9}{\376\377\000T\000M\000H\000L\000\137\000M\000i\000n\000i\000m\000u\000m\000O\000f\000V\000e\000c\000t\000o\000r}{subsection.6.1}% 21
\BOOKMARK [3][-]{subsubsection.6.1.10}{\376\377\000T\000M\000H\000L\000\137\000M\000i\000x\000i\000n\000g\000V\000e\000c\000t\000o\000r}{subsection.6.1}% 22
\BOOKMARK [3][-]{subsubsection.6.1.11}{\376\377\000T\000M\000H\000L\000\137\000M\000i\000x\000i\000n\000g\000V\000e\000c\000t\000o\000r\000W\000i\000t\000h\000C\000o\000n\000j\000u\000g\000a\000t\000e\000V\000e\000c\000t\000o\000r}{subsection.6.1}% 23
\BOOKMARK [3][-]{subsubsection.6.1.12}{\376\377\000T\000M\000H\000L\000\137\000N\000u\000m\000b\000e\000r\000O\000f\000D\000i\000f\000f\000e\000r\000e\000n\000t\000V\000a\000l\000u\000e\000s\000I\000n\000V\000e\000c\000t\000o\000r}{subsection.6.1}% 24
\BOOKMARK [3][-]{subsubsection.6.1.13}{\376\377\000T\000M\000H\000L\000\137\000N\000u\000m\000b\000e\000r\000O\000f\000M\000a\000x\000i\000m\000u\000m\000O\000f\000V\000e\000c\000t\000o\000r}{subsection.6.1}% 25
\BOOKMARK [3][-]{subsubsection.6.1.14}{\376\377\000T\000M\000H\000L\000\137\000N\000u\000m\000b\000e\000r\000O\000f\000M\000i\000n\000i\000m\000u\000m\000O\000f\000V\000e\000c\000t\000o\000r}{subsection.6.1}% 26
\BOOKMARK [3][-]{subsubsection.6.1.15}{\376\377\000T\000M\000H\000L\000\137\000N\000u\000m\000b\000e\000r\000O\000f\000N\000e\000g\000a\000t\000i\000v\000e\000V\000a\000l\000u\000e\000s}{subsection.6.1}% 27
\BOOKMARK [3][-]{subsubsection.6.1.16}{\376\377\000T\000M\000H\000L\000\137\000N\000u\000m\000b\000e\000r\000O\000f\000P\000o\000s\000i\000t\000i\000v\000e\000V\000a\000l\000u\000e\000s}{subsection.6.1}% 28
\BOOKMARK [3][-]{subsubsection.6.1.17}{\376\377\000T\000M\000H\000L\000\137\000N\000u\000m\000b\000e\000r\000O\000f\000Z\000e\000r\000o\000V\000a\000l\000u\000e\000s}{subsection.6.1}% 29
\BOOKMARK [3][-]{subsubsection.6.1.18}{\376\377\000T\000M\000H\000L\000\137\000O\000r\000d\000i\000n\000a\000l\000V\000e\000c\000t\000o\000r}{subsection.6.1}% 30
\BOOKMARK [3][-]{subsubsection.6.1.19}{\376\377\000T\000M\000H\000L\000\137\000O\000r\000d\000i\000n\000a\000l\000V\000e\000c\000t\000o\000r\000Z\000e\000r\000o}{subsection.6.1}% 31
\BOOKMARK [3][-]{subsubsection.6.1.20}{\376\377\000T\000M\000H\000L\000\137\000R\000e\000v\000e\000r\000s\000e\000V\000e\000c\000t\000o\000r}{subsection.6.1}% 32
\BOOKMARK [3][-]{subsubsection.6.1.21}{\376\377\000T\000M\000H\000L\000\137\000S\000e\000a\000r\000c\000h\000F\000i\000r\000s\000t\000N\000o\000t\000Z\000e\000r\000o}{subsection.6.1}% 33
\BOOKMARK [3][-]{subsubsection.6.1.22}{\376\377\000T\000M\000H\000L\000\137\000S\000e\000a\000r\000c\000h\000F\000i\000r\000s\000t\000Z\000e\000r\000o}{subsection.6.1}% 34
\BOOKMARK [3][-]{subsubsection.6.1.23}{\376\377\000T\000M\000H\000L\000\137\000S\000u\000m\000S\000q\000u\000a\000r\000e\000V\000e\000c\000t\000o\000r}{subsection.6.1}% 35
\BOOKMARK [3][-]{subsubsection.6.1.24}{\376\377\000T\000M\000H\000L\000\137\000S\000u\000m\000V\000e\000c\000t\000o\000r}{subsection.6.1}% 36
\BOOKMARK [3][-]{subsubsection.6.1.25}{\376\377\000T\000M\000H\000L\000\137\000V\000e\000c\000t\000o\000r\000M\000i\000n\000u\000s\000V\000e\000c\000t\000o\000r}{subsection.6.1}% 37
\BOOKMARK [3][-]{subsubsection.6.1.26}{\376\377\000T\000M\000H\000L\000\137\000V\000e\000c\000t\000o\000r\000M\000u\000l\000t\000i\000p\000l\000y\000N\000u\000m\000b\000e\000r}{subsection.6.1}% 38
\BOOKMARK [3][-]{subsubsection.6.1.27}{\376\377\000T\000M\000H\000L\000\137\000V\000e\000c\000t\000o\000r\000P\000l\000u\000s\000V\000e\000c\000t\000o\000r}{subsection.6.1}% 39
\BOOKMARK [3][-]{subsubsection.6.1.28}{\376\377\000T\000M\000H\000L\000\137\000V\000e\000c\000t\000o\000r\000T\000o\000V\000e\000c\000t\000o\000r}{subsection.6.1}% 40
\BOOKMARK [3][-]{subsubsection.6.1.29}{\376\377\000T\000M\000H\000L\000\137\000Z\000e\000r\000o\000V\000e\000c\000t\000o\000r}{subsection.6.1}% 41
\BOOKMARK [2][-]{subsection.6.2}{\376\377\004\023\004\065\004\075\004\065\004\102\004\070\004\107\004\065\004\101\004\072\004\070\004\065\000\040\004\060\004\073\004\063\004\076\004\100\004\070\004\102\004\074\004\113}{section.6}% 42
\BOOKMARK [3][-]{subsubsection.6.2.1}{\376\377\000M\000H\000L\000\137\000B\000i\000n\000a\000r\000y\000F\000i\000t\000n\000e\000s\000s\000F\000u\000n\000c\000t\000i\000o\000n}{subsection.6.2}% 43
\BOOKMARK [3][-]{subsubsection.6.2.2}{\376\377\000M\000H\000L\000\137\000M\000a\000k\000e\000V\000e\000c\000t\000o\000r\000O\000f\000P\000r\000o\000b\000a\000b\000i\000l\000i\000t\000y\000F\000o\000r\000P\000r\000o\000p\000o\000r\000t\000i\000o\000n\000a\000l\000S\000e\000l\000e\000c\000t\000i\000o\000n\000V\0002}{subsection.6.2}% 44
\BOOKMARK [3][-]{subsubsection.6.2.3}{\376\377\000M\000H\000L\000\137\000M\000a\000k\000e\000V\000e\000c\000t\000o\000r\000O\000f\000P\000r\000o\000b\000a\000b\000i\000l\000i\000t\000y\000F\000o\000r\000R\000a\000n\000k\000l\000S\000e\000l\000e\000c\000t\000i\000o\000n}{subsection.6.2}% 45
\BOOKMARK [3][-]{subsubsection.6.2.4}{\376\377\000M\000H\000L\000\137\000M\000a\000k\000e\000V\000e\000c\000t\000o\000r\000O\000f\000R\000a\000n\000k\000F\000o\000r\000R\000a\000n\000k\000S\000e\000l\000e\000c\000t\000i\000o\000n}{subsection.6.2}% 46
\BOOKMARK [3][-]{subsubsection.6.2.5}{\376\377\000M\000H\000L\000\137\000M\000a\000k\000e\000V\000e\000c\000t\000o\000r\000O\000f\000R\000a\000n\000k\000Z\000e\000r\000o\000F\000o\000r\000R\000a\000n\000k\000S\000e\000l\000e\000c\000t\000i\000o\000n}{subsection.6.2}% 47
\BOOKMARK [3][-]{subsubsection.6.2.6}{\376\377\000M\000H\000L\000\137\000N\000o\000r\000m\000a\000l\000i\000z\000a\000t\000i\000o\000n\000V\000e\000c\000t\000o\000r\000A\000l\000l}{subsection.6.2}% 48
\BOOKMARK [3][-]{subsubsection.6.2.7}{\376\377\000M\000H\000L\000\137\000N\000o\000r\000m\000a\000l\000i\000z\000a\000t\000i\000o\000n\000V\000e\000c\000t\000o\000r\000M\000a\000x\000M\000i\000n}{subsection.6.2}% 49
\BOOKMARK [3][-]{subsubsection.6.2.8}{\376\377\000M\000H\000L\000\137\000N\000o\000r\000m\000a\000l\000i\000z\000a\000t\000i\000o\000n\000V\000e\000c\000t\000o\000r\000O\000n\000e}{subsection.6.2}% 50
\BOOKMARK [3][-]{subsubsection.6.2.9}{\376\377\000M\000H\000L\000\137\000P\000r\000o\000b\000a\000b\000i\000l\000i\000t\000y\000O\000f\000T\000o\000u\000r\000n\000a\000m\000e\000n\000t\000S\000e\000l\000e\000c\000t\000i\000o\000n}{subsection.6.2}% 51
\BOOKMARK [3][-]{subsubsection.6.2.10}{\376\377\000M\000H\000L\000\137\000P\000r\000o\000p\000o\000r\000t\000i\000o\000n\000a\000l\000S\000e\000l\000e\000c\000t\000i\000o\000n}{subsection.6.2}% 52
\BOOKMARK [3][-]{subsubsection.6.2.11}{\376\377\000M\000H\000L\000\137\000P\000r\000o\000p\000o\000r\000t\000i\000o\000n\000a\000l\000S\000e\000l\000e\000c\000t\000i\000o\000n\000V\0002}{subsection.6.2}% 53
\BOOKMARK [3][-]{subsubsection.6.2.12}{\376\377\000M\000H\000L\000\137\000P\000r\000o\000p\000o\000r\000t\000i\000o\000n\000a\000l\000S\000e\000l\000e\000c\000t\000i\000o\000n\000V\0003}{subsection.6.2}% 54
\BOOKMARK [3][-]{subsubsection.6.2.13}{\376\377\000M\000H\000L\000\137\000R\000a\000n\000k\000S\000e\000l\000e\000c\000t\000i\000o\000n}{subsection.6.2}% 55
\BOOKMARK [3][-]{subsubsection.6.2.14}{\376\377\000M\000H\000L\000\137\000S\000e\000l\000e\000c\000t\000I\000t\000e\000m\000O\000n\000P\000r\000o\000b\000a\000b\000i\000l\000i\000t\000y}{subsection.6.2}% 56
\BOOKMARK [3][-]{subsubsection.6.2.15}{\376\377\000M\000H\000L\000\137\000S\000t\000a\000n\000d\000a\000r\000t\000B\000i\000n\000a\000r\000y\000G\000e\000n\000e\000t\000i\000c\000A\000l\000g\000o\000r\000i\000t\000h\000m}{subsection.6.2}% 57
\BOOKMARK [3][-]{subsubsection.6.2.16}{\376\377\000M\000H\000L\000\137\000S\000t\000a\000n\000d\000a\000r\000t\000G\000e\000n\000e\000t\000i\000c\000A\000l\000g\000o\000r\000i\000t\000h\000m}{subsection.6.2}% 58
\BOOKMARK [3][-]{subsubsection.6.2.17}{\376\377\000M\000H\000L\000\137\000S\000t\000a\000n\000d\000a\000r\000t\000R\000e\000a\000l\000G\000e\000n\000e\000t\000i\000c\000A\000l\000g\000o\000r\000i\000t\000h\000m}{subsection.6.2}% 59
\BOOKMARK [3][-]{subsubsection.6.2.18}{\376\377\000M\000H\000L\000\137\000T\000o\000u\000r\000n\000a\000m\000e\000n\000t\000S\000e\000l\000e\000c\000t\000i\000o\000n}{subsection.6.2}% 60
\BOOKMARK [3][-]{subsubsection.6.2.19}{\376\377\000M\000H\000L\000\137\000T\000o\000u\000r\000n\000a\000m\000e\000n\000t\000S\000e\000l\000e\000c\000t\000i\000o\000n\000W\000i\000t\000h\000R\000e\000t\000u\000r\000n}{subsection.6.2}% 61
\BOOKMARK [3][-]{subsubsection.6.2.20}{\376\377\000T\000M\000H\000L\000\137\000M\000u\000t\000a\000t\000i\000o\000n\000B\000i\000n\000a\000r\000y\000M\000a\000t\000r\000i\000x}{subsection.6.2}% 62
\BOOKMARK [3][-]{subsubsection.6.2.21}{\376\377\000T\000M\000H\000L\000\137\000S\000i\000n\000g\000l\000e\000p\000o\000i\000n\000t\000C\000r\000o\000s\000s\000o\000v\000e\000r}{subsection.6.2}% 63
\BOOKMARK [3][-]{subsubsection.6.2.22}{\376\377\000T\000M\000H\000L\000\137\000T\000w\000o\000p\000o\000i\000n\000t\000C\000r\000o\000s\000s\000o\000v\000e\000r}{subsection.6.2}% 64
\BOOKMARK [3][-]{subsubsection.6.2.23}{\376\377\000T\000M\000H\000L\000\137\000U\000n\000i\000f\000o\000r\000m\000C\000r\000o\000s\000s\000o\000v\000e\000r}{subsection.6.2}% 65
\BOOKMARK [2][-]{subsection.6.3}{\376\377\004\023\004\065\004\076\004\074\004\065\004\102\004\100\004\070\004\117}{section.6}% 66
\BOOKMARK [3][-]{subsubsection.6.3.1}{\376\377\000T\000M\000H\000L\000\137\000B\000o\000o\000l\000C\000r\000o\000s\000s\000i\000n\000g\000T\000w\000o\000S\000e\000g\000m\000e\000n\000t}{subsection.6.3}% 67
\BOOKMARK [2][-]{subsection.6.4}{\376\377\004\023\004\070\004\077\004\065\004\100\004\061\004\076\004\073\004\070\004\107\004\065\004\101\004\072\004\070\004\065\000\040\004\104\004\103\004\075\004\072\004\106\004\070\004\070}{section.6}% 68
\BOOKMARK [3][-]{subsubsection.6.4.1}{\376\377\000M\000H\000L\000\137\000C\000o\000s\000e\000c\000h}{subsection.6.4}% 69
\BOOKMARK [3][-]{subsubsection.6.4.2}{\376\377\000M\000H\000L\000\137\000C\000o\000s\000h}{subsection.6.4}% 70
\BOOKMARK [3][-]{subsubsection.6.4.3}{\376\377\000M\000H\000L\000\137\000C\000o\000t\000a\000n\000h}{subsection.6.4}% 71
\BOOKMARK [3][-]{subsubsection.6.4.4}{\376\377\000M\000H\000L\000\137\000S\000e\000c\000h}{subsection.6.4}% 72
\BOOKMARK [3][-]{subsubsection.6.4.5}{\376\377\000M\000H\000L\000\137\000S\000i\000n\000h}{subsection.6.4}% 73
\BOOKMARK [3][-]{subsubsection.6.4.6}{\376\377\000M\000H\000L\000\137\000T\000a\000n\000h}{subsection.6.4}% 74
\BOOKMARK [2][-]{subsection.6.5}{\376\377\004\024\004\070\004\104\004\104\004\065\004\100\004\065\004\075\004\106\004\070\004\100\004\076\004\062\004\060\004\075\004\070\004\065}{section.6}% 75
\BOOKMARK [3][-]{subsubsection.6.5.1}{\376\377\000M\000H\000L\000\137\000C\000e\000n\000t\000e\000r\000D\000e\000r\000i\000v\000a\000t\000i\000v\000e}{subsection.6.5}% 76
\BOOKMARK [3][-]{subsubsection.6.5.2}{\376\377\000M\000H\000L\000\137\000L\000e\000f\000t\000D\000e\000r\000i\000v\000a\000t\000i\000v\000e}{subsection.6.5}% 77
\BOOKMARK [3][-]{subsubsection.6.5.3}{\376\377\000M\000H\000L\000\137\000R\000i\000g\000h\000t\000D\000e\000r\000i\000v\000a\000t\000i\000v\000e}{subsection.6.5}% 78
\BOOKMARK [2][-]{subsection.6.6}{\376\377\004\024\004\073\004\117\000\040\004\102\004\065\004\101\004\102\004\076\004\062\004\113\004\105\000\040\004\104\004\103\004\075\004\072\004\106\004\070\004\071}{section.6}% 79
\BOOKMARK [3][-]{subsubsection.6.6.1}{\376\377\000M\000H\000L\000\137\000D\000e\000f\000i\000n\000e\000T\000e\000s\000t\000F\000u\000n\000c\000t\000i\000o\000n}{subsection.6.6}% 80
\BOOKMARK [3][-]{subsubsection.6.6.2}{\376\377\000M\000H\000L\000\137\000E\000r\000r\000o\000r\000E\000x\000O\000f\000T\000e\000s\000t\000F\000u\000n\000c\000t\000i\000o\000n\000\137\000B\000i\000n\000a\000r\000y}{subsection.6.6}% 81
\BOOKMARK [3][-]{subsubsection.6.6.3}{\376\377\000M\000H\000L\000\137\000E\000r\000r\000o\000r\000E\000y\000O\000f\000T\000e\000s\000t\000F\000u\000n\000c\000t\000i\000o\000n\000\137\000B\000i\000n\000a\000r\000y}{subsection.6.6}% 82
\BOOKMARK [3][-]{subsubsection.6.6.4}{\376\377\000M\000H\000L\000\137\000E\000r\000r\000o\000r\000R\000O\000f\000T\000e\000s\000t\000F\000u\000n\000c\000t\000i\000o\000n\000\137\000B\000i\000n\000a\000r\000y}{subsection.6.6}% 83
\BOOKMARK [3][-]{subsubsection.6.6.5}{\376\377\000M\000H\000L\000\137\000F\000i\000t\000n\000e\000s\000s\000O\000f\000O\000p\000t\000i\000m\000u\000m\000O\000f\000T\000e\000s\000t\000F\000u\000n\000c\000t\000i\000o\000n\000\137\000B\000i\000n\000a\000r\000y}{subsection.6.6}% 84
\BOOKMARK [3][-]{subsubsection.6.6.6}{\376\377\000M\000H\000L\000\137\000G\000e\000t\000C\000o\000u\000n\000t\000O\000f\000F\000i\000t\000n\000e\000s\000s}{subsection.6.6}% 85
\BOOKMARK [3][-]{subsubsection.6.6.7}{\376\377\000M\000H\000L\000\137\000O\000p\000t\000i\000m\000u\000m\000O\000f\000T\000e\000s\000t\000F\000u\000n\000c\000t\000i\000o\000n\000\137\000B\000i\000n\000a\000r\000y}{subsection.6.6}% 86
\BOOKMARK [3][-]{subsubsection.6.6.8}{\376\377\000M\000H\000L\000\137\000S\000e\000t\000T\000o\000Z\000e\000r\000o\000C\000o\000u\000n\000t\000O\000f\000F\000i\000t\000n\000e\000s\000s}{subsection.6.6}% 87
\BOOKMARK [3][-]{subsubsection.6.6.9}{\376\377\000M\000H\000L\000\137\000T\000e\000s\000t\000F\000u\000n\000c\000t\000i\000o\000n\000\137\000B\000i\000n\000a\000r\000y}{subsection.6.6}% 88
\BOOKMARK [2][-]{subsection.6.7}{\376\377\004\030\004\075\004\102\004\065\004\063\004\100\004\070\004\100\004\076\004\062\004\060\004\075\004\070\004\065}{section.6}% 89
\BOOKMARK [3][-]{subsubsection.6.7.1}{\376\377\000M\000H\000L\000\137\000I\000n\000t\000e\000g\000r\000a\000l\000O\000f\000R\000e\000c\000t\000a\000n\000g\000l\000e}{subsection.6.7}% 90
\BOOKMARK [3][-]{subsubsection.6.7.2}{\376\377\000M\000H\000L\000\137\000I\000n\000t\000e\000g\000r\000a\000l\000O\000f\000S\000i\000m\000p\000s\000o\000n}{subsection.6.7}% 91
\BOOKMARK [3][-]{subsubsection.6.7.3}{\376\377\000M\000H\000L\000\137\000I\000n\000t\000e\000g\000r\000a\000l\000O\000f\000T\000r\000a\000p\000e\000z\000i\000u\000m}{subsection.6.7}% 92
\BOOKMARK [2][-]{subsection.6.8}{\376\377\004\032\004\076\004\064\004\070\004\100\004\076\004\062\004\060\004\075\004\070\004\065\000\040\004\070\000\040\004\064\004\065\004\072\004\076\004\064\004\070\004\100\004\076\004\062\004\060\004\075\004\070\004\065}{section.6}% 93
\BOOKMARK [3][-]{subsubsection.6.8.1}{\376\377\000M\000H\000L\000\137\000B\000i\000n\000a\000r\000y\000G\000r\000a\000y\000V\000e\000c\000t\000o\000r\000T\000o\000R\000e\000a\000l\000V\000e\000c\000t\000o\000r}{subsection.6.8}% 94
\BOOKMARK [3][-]{subsubsection.6.8.2}{\376\377\000M\000H\000L\000\137\000B\000i\000n\000a\000r\000y\000V\000e\000c\000t\000o\000r\000T\000o\000R\000e\000a\000l\000V\000e\000c\000t\000o\000r}{subsection.6.8}% 95
\BOOKMARK [3][-]{subsubsection.6.8.3}{\376\377\000T\000M\000H\000L\000\137\000B\000i\000n\000a\000r\000y\000T\000o\000D\000e\000c\000i\000m\000a\000l}{subsection.6.8}% 96
\BOOKMARK [3][-]{subsubsection.6.8.4}{\376\377\000T\000M\000H\000L\000\137\000B\000i\000n\000a\000r\000y\000T\000o\000D\000e\000c\000i\000m\000a\000l\000F\000r\000o\000m\000P\000a\000r\000t}{subsection.6.8}% 97
\BOOKMARK [3][-]{subsubsection.6.8.5}{\376\377\000T\000M\000H\000L\000\137\000G\000r\000a\000y\000C\000o\000d\000e\000T\000o\000B\000i\000n\000a\000r\000y}{subsection.6.8}% 98
\BOOKMARK [3][-]{subsubsection.6.8.6}{\376\377\000T\000M\000H\000L\000\137\000G\000r\000a\000y\000C\000o\000d\000e\000T\000o\000B\000i\000n\000a\000r\000y\000F\000r\000o\000m\000P\000a\000r\000t}{subsection.6.8}% 99
\BOOKMARK [2][-]{subsection.6.9}{\376\377\004\032\004\076\004\074\004\061\004\070\004\075\004\060\004\102\004\076\004\100\004\070\004\072\004\060}{section.6}% 100
\BOOKMARK [3][-]{subsubsection.6.9.1}{\376\377\000T\000M\000H\000L\000\137\000K\000C\000o\000m\000b\000i\000n\000a\000t\000i\000o\000n\000s}{subsection.6.9}% 101
\BOOKMARK [2][-]{subsection.6.10}{\376\377\004\034\004\060\004\102\004\065\004\074\004\060\004\102\004\070\004\107\004\065\004\101\004\072\004\070\004\065\000\040\004\104\004\103\004\075\004\072\004\106\004\070\004\070}{section.6}% 102
\BOOKMARK [3][-]{subsubsection.6.10.1}{\376\377\000M\000H\000L\000\137\000A\000r\000i\000t\000h\000m\000e\000t\000i\000c\000a\000l\000P\000r\000o\000g\000r\000e\000s\000s\000i\000o\000n}{subsection.6.10}% 103
\BOOKMARK [3][-]{subsubsection.6.10.2}{\376\377\000M\000H\000L\000\137\000E\000x\000p\000M\000S\000x\000D\0002}{subsection.6.10}% 104
\BOOKMARK [3][-]{subsubsection.6.10.3}{\376\377\000M\000H\000L\000\137\000G\000e\000o\000m\000e\000t\000r\000i\000c\000S\000e\000r\000i\000e\000s}{subsection.6.10}% 105
\BOOKMARK [3][-]{subsubsection.6.10.4}{\376\377\000M\000H\000L\000\137\000G\000r\000e\000a\000t\000e\000s\000t\000C\000o\000m\000m\000o\000n\000D\000i\000v\000i\000s\000o\000r\000E\000u\000c\000l\000i\000d}{subsection.6.10}% 106
\BOOKMARK [3][-]{subsubsection.6.10.5}{\376\377\000M\000H\000L\000\137\000H\000o\000w\000M\000a\000n\000y\000P\000o\000w\000e\000r\000s\000O\000f\000T\000w\000o}{subsection.6.10}% 107
\BOOKMARK [3][-]{subsubsection.6.10.6}{\376\377\000M\000H\000L\000\137\000I\000n\000v\000e\000r\000s\000e\000N\000o\000r\000m\000a\000l\000i\000z\000a\000t\000i\000o\000n\000N\000u\000m\000b\000e\000r\000A\000l\000l}{subsection.6.10}% 108
\BOOKMARK [3][-]{subsubsection.6.10.7}{\376\377\000M\000H\000L\000\137\000L\000e\000a\000s\000t\000C\000o\000m\000m\000o\000n\000M\000u\000l\000t\000i\000p\000l\000e\000E\000u\000c\000l\000i\000d}{subsection.6.10}% 109
\BOOKMARK [3][-]{subsubsection.6.10.8}{\376\377\000M\000H\000L\000\137\000N\000o\000r\000m\000a\000l\000i\000z\000a\000t\000i\000o\000n\000N\000u\000m\000b\000e\000r\000A\000l\000l}{subsection.6.10}% 110
\BOOKMARK [3][-]{subsubsection.6.10.9}{\376\377\000M\000H\000L\000\137\000P\000a\000r\000i\000t\000y}{subsection.6.10}% 111
\BOOKMARK [3][-]{subsubsection.6.10.10}{\376\377\000M\000H\000L\000\137\000S\000u\000m\000G\000e\000o\000m\000e\000t\000r\000i\000c\000S\000e\000r\000i\000e\000s}{subsection.6.10}% 112
\BOOKMARK [3][-]{subsubsection.6.10.11}{\376\377\000M\000H\000L\000\137\000S\000u\000m\000O\000f\000A\000r\000i\000t\000h\000m\000e\000t\000i\000c\000a\000l\000P\000r\000o\000g\000r\000e\000s\000s\000i\000o\000n}{subsection.6.10}% 113
\BOOKMARK [3][-]{subsubsection.6.10.12}{\376\377\000M\000H\000L\000\137\000S\000u\000m\000O\000f\000D\000i\000g\000i\000t\000s}{subsection.6.10}% 114
\BOOKMARK [3][-]{subsubsection.6.10.13}{\376\377\000T\000M\000H\000L\000\137\000A\000b\000s}{subsection.6.10}% 115
\BOOKMARK [3][-]{subsubsection.6.10.14}{\376\377\000T\000M\000H\000L\000\137\000F\000a\000c\000t\000o\000r\000i\000a\000l}{subsection.6.10}% 116
\BOOKMARK [3][-]{subsubsection.6.10.15}{\376\377\000T\000M\000H\000L\000\137\000F\000i\000b\000o\000n\000a\000c\000c\000i\000N\000u\000m\000b\000e\000r}{subsection.6.10}% 117
\BOOKMARK [3][-]{subsubsection.6.10.16}{\376\377\000T\000M\000H\000L\000\137\000H\000e\000a\000v\000i\000s\000i\000d\000e\000F\000u\000n\000c\000t\000i\000o\000n}{subsection.6.10}% 118
\BOOKMARK [3][-]{subsubsection.6.10.17}{\376\377\000T\000M\000H\000L\000\137\000M\000a\000x}{subsection.6.10}% 119
\BOOKMARK [3][-]{subsubsection.6.10.18}{\376\377\000T\000M\000H\000L\000\137\000M\000i\000n}{subsection.6.10}% 120
\BOOKMARK [3][-]{subsubsection.6.10.19}{\376\377\000T\000M\000H\000L\000\137\000N\000u\000m\000b\000e\000r\000I\000n\000t\000e\000r\000c\000h\000a\000n\000g\000e}{subsection.6.10}% 121
\BOOKMARK [3][-]{subsubsection.6.10.20}{\376\377\000T\000M\000H\000L\000\137\000P\000o\000w\000e\000r\000O\000f}{subsection.6.10}% 122
\BOOKMARK [3][-]{subsubsection.6.10.21}{\376\377\000T\000M\000H\000L\000\137\000S\000i\000g\000n}{subsection.6.10}% 123
\BOOKMARK [3][-]{subsubsection.6.10.22}{\376\377\000T\000M\000H\000L\000\137\000S\000i\000g\000n\000N\000u\000l\000l}{subsection.6.10}% 124
\BOOKMARK [2][-]{subsection.6.11}{\376\377\004\034\004\060\004\102\004\100\004\070\004\106\004\113}{section.6}% 125
\BOOKMARK [3][-]{subsubsection.6.11.1}{\376\377\000T\000M\000H\000L\000\137\000C\000o\000l\000I\000n\000t\000e\000r\000c\000h\000a\000n\000g\000e}{subsection.6.11}% 126
\BOOKMARK [3][-]{subsubsection.6.11.2}{\376\377\000T\000M\000H\000L\000\137\000C\000o\000l\000T\000o\000M\000a\000t\000r\000i\000x}{subsection.6.11}% 127
\BOOKMARK [3][-]{subsubsection.6.11.3}{\376\377\000T\000M\000H\000L\000\137\000D\000e\000l\000e\000t\000e\000C\000o\000l\000I\000n\000M\000a\000t\000r\000i\000x}{subsection.6.11}% 128
\BOOKMARK [3][-]{subsubsection.6.11.4}{\376\377\000T\000M\000H\000L\000\137\000D\000e\000l\000e\000t\000e\000R\000o\000w\000I\000n\000M\000a\000t\000r\000i\000x}{subsection.6.11}% 129
\BOOKMARK [3][-]{subsubsection.6.11.5}{\376\377\000T\000M\000H\000L\000\137\000F\000i\000l\000l\000M\000a\000t\000r\000i\000x}{subsection.6.11}% 130
\BOOKMARK [3][-]{subsubsection.6.11.6}{\376\377\000T\000M\000H\000L\000\137\000I\000d\000e\000n\000t\000i\000t\000y\000M\000a\000t\000r\000i\000x}{subsection.6.11}% 131
\BOOKMARK [3][-]{subsubsection.6.11.7}{\376\377\000T\000M\000H\000L\000\137\000M\000a\000t\000r\000i\000x\000M\000i\000n\000u\000s\000M\000a\000t\000r\000i\000x}{subsection.6.11}% 132
\BOOKMARK [3][-]{subsubsection.6.11.8}{\376\377\000T\000M\000H\000L\000\137\000M\000a\000t\000r\000i\000x\000M\000u\000l\000t\000i\000p\000l\000y\000M\000a\000t\000r\000i\000x}{subsection.6.11}% 133
\BOOKMARK [3][-]{subsubsection.6.11.9}{\376\377\000T\000M\000H\000L\000\137\000M\000a\000t\000r\000i\000x\000M\000u\000l\000t\000i\000p\000l\000y\000M\000a\000t\000r\000i\000x\000T}{subsection.6.11}% 134
\BOOKMARK [3][-]{subsubsection.6.11.10}{\376\377\000T\000M\000H\000L\000\137\000M\000a\000t\000r\000i\000x\000M\000u\000l\000t\000i\000p\000l\000y\000N\000u\000m\000b\000e\000r}{subsection.6.11}% 135
\BOOKMARK [3][-]{subsubsection.6.11.11}{\376\377\000T\000M\000H\000L\000\137\000M\000a\000t\000r\000i\000x\000P\000l\000u\000s\000M\000a\000t\000r\000i\000x}{subsection.6.11}% 136
\BOOKMARK [3][-]{subsubsection.6.11.12}{\376\377\000T\000M\000H\000L\000\137\000M\000a\000t\000r\000i\000x\000T}{subsection.6.11}% 137
\BOOKMARK [3][-]{subsubsection.6.11.13}{\376\377\000T\000M\000H\000L\000\137\000M\000a\000t\000r\000i\000x\000T\000M\000u\000l\000t\000i\000p\000l\000y\000M\000a\000t\000r\000i\000x}{subsection.6.11}% 138
\BOOKMARK [3][-]{subsubsection.6.11.14}{\376\377\000T\000M\000H\000L\000\137\000M\000a\000t\000r\000i\000x\000T\000o\000C\000o\000l}{subsection.6.11}% 139
\BOOKMARK [3][-]{subsubsection.6.11.15}{\376\377\000T\000M\000H\000L\000\137\000M\000a\000t\000r\000i\000x\000T\000o\000M\000a\000t\000r\000i\000x}{subsection.6.11}% 140
\BOOKMARK [3][-]{subsubsection.6.11.16}{\376\377\000T\000M\000H\000L\000\137\000M\000a\000t\000r\000i\000x\000T\000o\000R\000o\000w}{subsection.6.11}% 141
\BOOKMARK [3][-]{subsubsection.6.11.17}{\376\377\000T\000M\000H\000L\000\137\000M\000a\000x\000i\000m\000u\000m\000O\000f\000M\000a\000t\000r\000i\000x}{subsection.6.11}% 142
\BOOKMARK [3][-]{subsubsection.6.11.18}{\376\377\000T\000M\000H\000L\000\137\000M\000i\000n\000i\000m\000u\000m\000O\000f\000M\000a\000t\000r\000i\000x}{subsection.6.11}% 143
\BOOKMARK [3][-]{subsubsection.6.11.19}{\376\377\000T\000M\000H\000L\000\137\000M\000i\000x\000i\000n\000g\000R\000o\000w\000s\000I\000n\000O\000r\000d\000e\000r}{subsection.6.11}% 144
\BOOKMARK [3][-]{subsubsection.6.11.20}{\376\377\000T\000M\000H\000L\000\137\000N\000u\000m\000b\000e\000r\000O\000f\000D\000i\000f\000f\000e\000r\000e\000n\000t\000V\000a\000l\000u\000e\000s\000I\000n\000M\000a\000t\000r\000i\000x}{subsection.6.11}% 145
\BOOKMARK [3][-]{subsubsection.6.11.21}{\376\377\000T\000M\000H\000L\000\137\000R\000o\000w\000I\000n\000t\000e\000r\000c\000h\000a\000n\000g\000e}{subsection.6.11}% 146
\BOOKMARK [3][-]{subsubsection.6.11.22}{\376\377\000T\000M\000H\000L\000\137\000R\000o\000w\000T\000o\000M\000a\000t\000r\000i\000x}{subsection.6.11}% 147
\BOOKMARK [3][-]{subsubsection.6.11.23}{\376\377\000T\000M\000H\000L\000\137\000S\000u\000m\000M\000a\000t\000r\000i\000x}{subsection.6.11}% 148
\BOOKMARK [3][-]{subsubsection.6.11.24}{\376\377\000T\000M\000H\000L\000\137\000Z\000e\000r\000o\000M\000a\000t\000r\000i\000x}{subsection.6.11}% 149
\BOOKMARK [2][-]{subsection.6.12}{\376\377\004\034\004\065\004\102\004\100\004\070\004\072\004\060}{section.6}% 150
\BOOKMARK [3][-]{subsubsection.6.12.1}{\376\377\000T\000M\000H\000L\000\137\000C\000h\000e\000b\000y\000c\000h\000e\000v}{subsection.6.12}% 151
\BOOKMARK [3][-]{subsubsection.6.12.2}{\376\377\000T\000M\000H\000L\000\137\000C\000i\000t\000y\000B\000l\000o\000c\000k}{subsection.6.12}% 152
\BOOKMARK [3][-]{subsubsection.6.12.3}{\376\377\000T\000M\000H\000L\000\137\000E\000u\000c\000l\000i\000d}{subsection.6.12}% 153
\BOOKMARK [2][-]{subsection.6.13}{\376\377\004\035\004\065\004\077\004\060\004\100\004\060\004\074\004\065\004\102\004\100\004\070\004\072\004\060}{section.6}% 154
\BOOKMARK [3][-]{subsubsection.6.13.1}{\376\377\000M\000H\000L\000\137\000B\000e\000l\000l\000S\000h\000a\000p\000e\000d\000K\000e\000r\000n\000e\000l\000E\000x\000p}{subsection.6.13}% 155
\BOOKMARK [3][-]{subsubsection.6.13.2}{\376\377\000M\000H\000L\000\137\000B\000e\000l\000l\000S\000h\000a\000p\000e\000d\000K\000e\000r\000n\000e\000l\000P\000a\000r\000a\000b\000o\000l\000a}{subsection.6.13}% 156
\BOOKMARK [3][-]{subsubsection.6.13.3}{\376\377\000M\000H\000L\000\137\000B\000e\000l\000l\000S\000h\000a\000p\000e\000d\000K\000e\000r\000n\000e\000l\000R\000e\000c\000t\000a\000n\000g\000l\000e}{subsection.6.13}% 157
\BOOKMARK [3][-]{subsubsection.6.13.4}{\376\377\000M\000H\000L\000\137\000B\000e\000l\000l\000S\000h\000a\000p\000e\000d\000K\000e\000r\000n\000e\000l\000T\000r\000i\000a\000n\000g\000l\000e}{subsection.6.13}% 158
\BOOKMARK [3][-]{subsubsection.6.13.5}{\376\377\000M\000H\000L\000\137\000D\000e\000r\000i\000v\000a\000t\000i\000v\000e\000O\000f\000B\000e\000l\000l\000S\000h\000a\000p\000e\000d\000K\000e\000r\000n\000e\000l\000E\000x\000p}{subsection.6.13}% 159
\BOOKMARK [3][-]{subsubsection.6.13.6}{\376\377\000M\000H\000L\000\137\000D\000e\000r\000i\000v\000a\000t\000i\000v\000e\000O\000f\000B\000e\000l\000l\000S\000h\000a\000p\000e\000d\000K\000e\000r\000n\000e\000l\000P\000a\000r\000a\000b\000o\000l\000a}{subsection.6.13}% 160
\BOOKMARK [3][-]{subsubsection.6.13.7}{\376\377\000M\000H\000L\000\137\000D\000e\000r\000i\000v\000a\000t\000i\000v\000e\000O\000f\000B\000e\000l\000l\000S\000h\000a\000p\000e\000d\000K\000e\000r\000n\000e\000l\000R\000e\000c\000t\000a\000n\000g\000l\000e}{subsection.6.13}% 161
\BOOKMARK [3][-]{subsubsection.6.13.8}{\376\377\000M\000H\000L\000\137\000D\000e\000r\000i\000v\000a\000t\000i\000v\000e\000O\000f\000B\000e\000l\000l\000S\000h\000a\000p\000e\000d\000K\000e\000r\000n\000e\000l\000T\000r\000i\000a\000n\000g\000l\000e}{subsection.6.13}% 162
\BOOKMARK [2][-]{subsection.6.14}{\376\377\004\035\004\065\004\107\004\065\004\102\004\072\004\070\004\065\000\040\004\101\004\070\004\101\004\102\004\065\004\074\004\113}{section.6}% 163
\BOOKMARK [3][-]{subsubsection.6.14.1}{\376\377\000M\000H\000L\000\137\000T\000r\000a\000p\000e\000z\000i\000f\000o\000r\000m\000F\000u\000z\000z\000y\000N\000u\000m\000b\000e\000r}{subsection.6.14}% 164
\BOOKMARK [2][-]{subsection.6.15}{\376\377\004\036\004\077\004\102\004\070\004\074\004\070\004\067\004\060\004\106\004\070\004\117}{section.6}% 165
\BOOKMARK [3][-]{subsubsection.6.15.1}{\376\377\000M\000H\000L\000\137\000B\000i\000n\000a\000r\000y\000M\000o\000n\000t\000e\000C\000a\000r\000l\000o\000A\000l\000g\000o\000r\000i\000t\000h\000m}{subsection.6.15}% 166
\BOOKMARK [2][-]{subsection.6.16}{\376\377\004\037\004\065\004\100\004\065\004\062\004\076\004\064\000\040\004\065\004\064\004\070\004\075\004\070\004\106\000\040\004\070\004\067\004\074\004\065\004\100\004\065\004\075\004\070\004\071}{section.6}% 167
\BOOKMARK [3][-]{subsubsection.6.16.1}{\376\377\000M\000H\000L\000\137\000D\000e\000g\000T\000o\000R\000a\000d}{subsection.6.16}% 168
\BOOKMARK [3][-]{subsubsection.6.16.2}{\376\377\000M\000H\000L\000\137\000R\000a\000d\000T\000o\000D\000e\000g}{subsection.6.16}% 169
\BOOKMARK [2][-]{subsection.6.17}{\376\377\004\041\004\073\004\103\004\107\004\060\004\071\004\075\004\113\004\065\000\040\004\076\004\061\004\112\004\065\004\072\004\102\004\113}{section.6}% 170
\BOOKMARK [3][-]{subsubsection.6.17.1}{\376\377\000M\000H\000L\000\137\000B\000i\000t\000N\000u\000m\000b\000e\000r}{subsection.6.17}% 171
\BOOKMARK [3][-]{subsubsection.6.17.2}{\376\377\000M\000H\000L\000\137\000R\000a\000n\000d\000o\000m\000R\000e\000a\000l\000M\000a\000t\000r\000i\000x}{subsection.6.17}% 172
\BOOKMARK [3][-]{subsubsection.6.17.3}{\376\377\000M\000H\000L\000\137\000R\000a\000n\000d\000o\000m\000R\000e\000a\000l\000M\000a\000t\000r\000i\000x\000I\000n\000C\000o\000l\000s}{subsection.6.17}% 173
\BOOKMARK [3][-]{subsubsection.6.17.4}{\376\377\000M\000H\000L\000\137\000R\000a\000n\000d\000o\000m\000R\000e\000a\000l\000M\000a\000t\000r\000i\000x\000I\000n\000E\000l\000e\000m\000e\000n\000t\000s}{subsection.6.17}% 174
\BOOKMARK [3][-]{subsubsection.6.17.5}{\376\377\000M\000H\000L\000\137\000R\000a\000n\000d\000o\000m\000R\000e\000a\000l\000M\000a\000t\000r\000i\000x\000I\000n\000R\000o\000w\000s}{subsection.6.17}% 175
\BOOKMARK [3][-]{subsubsection.6.17.6}{\376\377\000M\000H\000L\000\137\000R\000a\000n\000d\000o\000m\000R\000e\000a\000l\000V\000e\000c\000t\000o\000r}{subsection.6.17}% 176
\BOOKMARK [3][-]{subsubsection.6.17.7}{\376\377\000M\000H\000L\000\137\000R\000a\000n\000d\000o\000m\000R\000e\000a\000l\000V\000e\000c\000t\000o\000r\000I\000n\000E\000l\000e\000m\000e\000n\000t\000s}{subsection.6.17}% 177
\BOOKMARK [3][-]{subsubsection.6.17.8}{\376\377\000M\000H\000L\000\137\000R\000a\000n\000d\000o\000m\000V\000e\000c\000t\000o\000r\000O\000f\000P\000r\000o\000b\000a\000b\000i\000l\000i\000t\000y}{subsection.6.17}% 178
\BOOKMARK [3][-]{subsubsection.6.17.9}{\376\377\000T\000M\000H\000L\000\137\000B\000e\000r\000n\000u\000l\000l\000i\000V\000e\000c\000t\000o\000r}{subsection.6.17}% 179
\BOOKMARK [3][-]{subsubsection.6.17.10}{\376\377\000T\000M\000H\000L\000\137\000R\000a\000n\000d\000o\000m\000A\000r\000r\000a\000n\000g\000i\000n\000g\000O\000b\000j\000e\000c\000t\000s\000I\000n\000t\000o\000B\000a\000s\000k\000e\000t\000s}{subsection.6.17}% 180
\BOOKMARK [3][-]{subsubsection.6.17.11}{\376\377\000T\000M\000H\000L\000\137\000R\000a\000n\000d\000o\000m\000B\000i\000n\000a\000r\000y\000M\000a\000t\000r\000i\000x}{subsection.6.17}% 181
\BOOKMARK [3][-]{subsubsection.6.17.12}{\376\377\000T\000M\000H\000L\000\137\000R\000a\000n\000d\000o\000m\000B\000i\000n\000a\000r\000y\000V\000e\000c\000t\000o\000r}{subsection.6.17}% 182
\BOOKMARK [3][-]{subsubsection.6.17.13}{\376\377\000T\000M\000H\000L\000\137\000R\000a\000n\000d\000o\000m\000I\000n\000t\000M\000a\000t\000r\000i\000x}{subsection.6.17}% 183
\BOOKMARK [3][-]{subsubsection.6.17.14}{\376\377\000T\000M\000H\000L\000\137\000R\000a\000n\000d\000o\000m\000I\000n\000t\000M\000a\000t\000r\000i\000x\000I\000n\000C\000o\000l\000s}{subsection.6.17}% 184
\BOOKMARK [3][-]{subsubsection.6.17.15}{\376\377\000T\000M\000H\000L\000\137\000R\000a\000n\000d\000o\000m\000I\000n\000t\000M\000a\000t\000r\000i\000x\000I\000n\000E\000l\000e\000m\000e\000n\000t\000s}{subsection.6.17}% 185
\BOOKMARK [3][-]{subsubsection.6.17.16}{\376\377\000T\000M\000H\000L\000\137\000R\000a\000n\000d\000o\000m\000I\000n\000t\000M\000a\000t\000r\000i\000x\000I\000n\000R\000o\000w\000s}{subsection.6.17}% 186
\BOOKMARK [3][-]{subsubsection.6.17.17}{\376\377\000T\000M\000H\000L\000\137\000R\000a\000n\000d\000o\000m\000I\000n\000t\000V\000e\000c\000t\000o\000r}{subsection.6.17}% 187
\BOOKMARK [3][-]{subsubsection.6.17.18}{\376\377\000T\000M\000H\000L\000\137\000R\000a\000n\000d\000o\000m\000I\000n\000t\000V\000e\000c\000t\000o\000r\000I\000n\000E\000l\000e\000m\000e\000n\000t\000s}{subsection.6.17}% 188
\BOOKMARK [3][-]{subsubsection.6.17.19}{\376\377\000T\000M\000H\000L\000\137\000R\000a\000n\000d\000o\000m\000M\000a\000t\000r\000i\000x\000O\000f\000P\000e\000r\000m\000u\000t\000a\000t\000i\000o\000n}{subsection.6.17}% 189
\BOOKMARK [3][-]{subsubsection.6.17.20}{\376\377\000T\000M\000H\000L\000\137\000R\000a\000n\000d\000o\000m\000V\000e\000c\000t\000o\000r\000O\000f\000P\000e\000r\000m\000u\000t\000a\000t\000i\000o\000n}{subsection.6.17}% 190
\BOOKMARK [2][-]{subsection.6.18}{\376\377\004\041\004\073\004\103\004\107\004\060\004\071\004\075\004\113\004\065\000\040\004\107\004\070\004\101\004\073\004\060}{section.6}% 191
\BOOKMARK [3][-]{subsubsection.6.18.1}{\376\377\000M\000H\000L\000\137\000R\000a\000n\000d\000o\000m\000N\000o\000r\000m\000a\000l}{subsection.6.18}% 192
\BOOKMARK [3][-]{subsubsection.6.18.2}{\376\377\000M\000H\000L\000\137\000R\000a\000n\000d\000o\000m\000U\000n\000i\000f\000o\000r\000m}{subsection.6.18}% 193
\BOOKMARK [3][-]{subsubsection.6.18.3}{\376\377\000M\000H\000L\000\137\000R\000a\000n\000d\000o\000m\000U\000n\000i\000f\000o\000r\000m\000I\000n\000t}{subsection.6.18}% 194
\BOOKMARK [3][-]{subsubsection.6.18.4}{\376\377\000M\000H\000L\000\137\000R\000a\000n\000d\000o\000m\000U\000n\000i\000f\000o\000r\000m\000I\000n\000t\000I\000n\000c\000l\000u\000d\000i\000n\000g}{subsection.6.18}% 195
\BOOKMARK [2][-]{subsection.6.19}{\376\377\004\041\004\076\004\100\004\102\004\070\004\100\004\076\004\062\004\072\004\060}{section.6}% 196
\BOOKMARK [3][-]{subsubsection.6.19.1}{\376\377\000T\000M\000H\000L\000\137\000B\000u\000b\000b\000l\000e\000D\000e\000s\000c\000e\000n\000d\000i\000n\000g\000S\000o\000r\000t}{subsection.6.19}% 197
\BOOKMARK [3][-]{subsubsection.6.19.2}{\376\377\000T\000M\000H\000L\000\137\000B\000u\000b\000b\000l\000e\000S\000o\000r\000t}{subsection.6.19}% 198
\BOOKMARK [3][-]{subsubsection.6.19.3}{\376\377\000T\000M\000H\000L\000\137\000B\000u\000b\000b\000l\000e\000S\000o\000r\000t\000C\000o\000l\000W\000i\000t\000h\000O\000t\000h\000e\000r\000C\000o\000n\000j\000u\000g\000a\000t\000e\000C\000o\000l\000s\000I\000n\000M\000a\000t\000r\000i\000x}{subsection.6.19}% 199
\BOOKMARK [3][-]{subsubsection.6.19.4}{\376\377\000T\000M\000H\000L\000\137\000B\000u\000b\000b\000l\000e\000S\000o\000r\000t\000E\000v\000e\000r\000y\000C\000o\000l\000I\000n\000M\000a\000t\000r\000i\000x}{subsection.6.19}% 200
\BOOKMARK [3][-]{subsubsection.6.19.5}{\376\377\000T\000M\000H\000L\000\137\000B\000u\000b\000b\000l\000e\000S\000o\000r\000t\000E\000v\000e\000r\000y\000R\000o\000w\000I\000n\000M\000a\000t\000r\000i\000x}{subsection.6.19}% 201
\BOOKMARK [3][-]{subsubsection.6.19.6}{\376\377\000T\000M\000H\000L\000\137\000B\000u\000b\000b\000l\000e\000S\000o\000r\000t\000I\000n\000G\000r\000o\000u\000p\000s}{subsection.6.19}% 202
\BOOKMARK [3][-]{subsubsection.6.19.7}{\376\377\000T\000M\000H\000L\000\137\000B\000u\000b\000b\000l\000e\000S\000o\000r\000t\000R\000o\000w\000W\000i\000t\000h\000O\000t\000h\000e\000r\000C\000o\000n\000j\000u\000g\000a\000t\000e\000R\000o\000w\000s\000I\000n\000M\000a\000t\000r\000i\000x}{subsection.6.19}% 203
\BOOKMARK [3][-]{subsubsection.6.19.8}{\376\377\000T\000M\000H\000L\000\137\000B\000u\000b\000b\000l\000e\000S\000o\000r\000t\000W\000i\000t\000h\000C\000o\000n\000j\000u\000g\000a\000t\000e\000V\000e\000c\000t\000o\000r}{subsection.6.19}% 204
\BOOKMARK [3][-]{subsubsection.6.19.9}{\376\377\000T\000M\000H\000L\000\137\000B\000u\000b\000b\000l\000e\000S\000o\000r\000t\000W\000i\000t\000h\000T\000w\000o\000C\000o\000n\000j\000u\000g\000a\000t\000e\000V\000e\000c\000t\000o\000r\000s}{subsection.6.19}% 205
\BOOKMARK [2][-]{subsection.6.20}{\376\377\004\041\004\102\004\060\004\102\004\070\004\101\004\102\004\070\004\072\004\060\000\040\004\070\000\040\004\102\004\065\004\076\004\100\004\070\004\117\000\040\004\062\004\065\004\100\004\076\004\117\004\102\004\075\004\076\004\101\004\102\004\070}{section.6}% 206
\BOOKMARK [3][-]{subsubsection.6.20.1}{\376\377\000M\000H\000L\000\137\000D\000e\000n\000s\000i\000t\000y\000O\000f\000D\000i\000s\000t\000r\000i\000b\000u\000t\000i\000o\000n\000O\000f\000N\000o\000r\000m\000a\000l\000D\000i\000s\000t\000r\000i\000b\000u\000t\000i\000o\000n}{subsection.6.20}% 207
\BOOKMARK [3][-]{subsubsection.6.20.2}{\376\377\000M\000H\000L\000\137\000D\000i\000s\000t\000r\000i\000b\000u\000t\000i\000o\000n\000F\000u\000n\000c\000t\000i\000o\000n\000O\000f\000N\000o\000r\000m\000a\000l\000D\000i\000s\000t\000r\000i\000b\000u\000t\000i\000o\000n}{subsection.6.20}% 208
\BOOKMARK [3][-]{subsubsection.6.20.3}{\376\377\000M\000H\000L\000\137\000S\000t\000d\000D\000e\000v\000T\000o\000V\000a\000r\000i\000a\000n\000c\000e}{subsection.6.20}% 209
\BOOKMARK [3][-]{subsubsection.6.20.4}{\376\377\000M\000H\000L\000\137\000V\000a\000r\000i\000a\000n\000c\000e\000T\000o\000S\000t\000d\000D\000e\000v}{subsection.6.20}% 210
\BOOKMARK [3][-]{subsubsection.6.20.5}{\376\377\000T\000M\000H\000L\000\137\000M\000e\000a\000n}{subsection.6.20}% 211
\BOOKMARK [3][-]{subsubsection.6.20.6}{\376\377\000T\000M\000H\000L\000\137\000M\000e\000d\000i\000a\000n}{subsection.6.20}% 212
\BOOKMARK [3][-]{subsubsection.6.20.7}{\376\377\000T\000M\000H\000L\000\137\000S\000a\000m\000p\000l\000e\000C\000o\000v\000a\000r\000i\000a\000n\000c\000e}{subsection.6.20}% 213
\BOOKMARK [3][-]{subsubsection.6.20.8}{\376\377\000T\000M\000H\000L\000\137\000V\000a\000r\000i\000a\000n\000c\000e}{subsection.6.20}% 214
\BOOKMARK [2][-]{subsection.6.21}{\376\377\004\042\004\065\004\101\004\102\004\076\004\062\004\113\004\065\000\040\004\104\004\103\004\075\004\072\004\106\004\070\004\070\000\040\004\064\004\073\004\117\000\040\004\076\004\077\004\102\004\070\004\074\004\070\004\067\004\060\004\106\004\070\004\070}{section.6}% 215
\BOOKMARK [3][-]{subsubsection.6.21.1}{\376\377\000M\000H\000L\000\137\000T\000e\000s\000t\000F\000u\000n\000c\000t\000i\000o\000n\000\137\000A\000c\000k\000l\000e\000y}{subsection.6.21}% 216
\BOOKMARK [3][-]{subsubsection.6.21.2}{\376\377\000M\000H\000L\000\137\000T\000e\000s\000t\000F\000u\000n\000c\000t\000i\000o\000n\000\137\000P\000a\000r\000a\000b\000o\000l\000o\000i\000d\000O\000f\000R\000e\000v\000o\000l\000u\000t\000i\000o\000n}{subsection.6.21}% 217
\BOOKMARK [3][-]{subsubsection.6.21.3}{\376\377\000M\000H\000L\000\137\000T\000e\000s\000t\000F\000u\000n\000c\000t\000i\000o\000n\000\137\000R\000a\000s\000t\000r\000i\000g\000i\000n}{subsection.6.21}% 218
\BOOKMARK [3][-]{subsubsection.6.21.4}{\376\377\000M\000H\000L\000\137\000T\000e\000s\000t\000F\000u\000n\000c\000t\000i\000o\000n\000\137\000R\000o\000s\000e\000n\000b\000r\000o\000c\000k}{subsection.6.21}% 219
\BOOKMARK [3][-]{subsubsection.6.21.5}{\376\377\000M\000H\000L\000\137\000T\000e\000s\000t\000F\000u\000n\000c\000t\000i\000o\000n\000\137\000S\000u\000m\000V\000e\000c\000t\000o\000r}{subsection.6.21}% 220
\BOOKMARK [2][-]{subsection.6.22}{\376\377\004\042\004\100\004\070\004\063\004\076\004\075\004\076\004\074\004\065\004\102\004\100\004\070\004\107\004\065\004\101\004\072\004\070\004\065\000\040\004\104\004\103\004\075\004\072\004\106\004\070\004\070}{section.6}% 221
\BOOKMARK [3][-]{subsubsection.6.22.1}{\376\377\000M\000H\000L\000\137\000C\000o\000s}{subsection.6.22}% 222
\BOOKMARK [3][-]{subsubsection.6.22.2}{\376\377\000M\000H\000L\000\137\000C\000o\000s\000D\000e\000g}{subsection.6.22}% 223
\BOOKMARK [3][-]{subsubsection.6.22.3}{\376\377\000M\000H\000L\000\137\000C\000o\000s\000e\000c}{subsection.6.22}% 224
\BOOKMARK [3][-]{subsubsection.6.22.4}{\376\377\000M\000H\000L\000\137\000C\000o\000s\000e\000c\000D\000e\000g}{subsection.6.22}% 225
\BOOKMARK [3][-]{subsubsection.6.22.5}{\376\377\000M\000H\000L\000\137\000C\000o\000t\000a\000n}{subsection.6.22}% 226
\BOOKMARK [3][-]{subsubsection.6.22.6}{\376\377\000M\000H\000L\000\137\000C\000o\000t\000a\000n\000D\000e\000g}{subsection.6.22}% 227
\BOOKMARK [3][-]{subsubsection.6.22.7}{\376\377\000M\000H\000L\000\137\000S\000e\000c}{subsection.6.22}% 228
\BOOKMARK [3][-]{subsubsection.6.22.8}{\376\377\000M\000H\000L\000\137\000S\000e\000c\000D\000e\000g}{subsection.6.22}% 229
\BOOKMARK [3][-]{subsubsection.6.22.9}{\376\377\000M\000H\000L\000\137\000S\000i\000n}{subsection.6.22}% 230
\BOOKMARK [3][-]{subsubsection.6.22.10}{\376\377\000M\000H\000L\000\137\000S\000i\000n\000D\000e\000g}{subsection.6.22}% 231
\BOOKMARK [3][-]{subsubsection.6.22.11}{\376\377\000M\000H\000L\000\137\000T\000a\000n}{subsection.6.22}% 232
\BOOKMARK [3][-]{subsubsection.6.22.12}{\376\377\000M\000H\000L\000\137\000T\000a\000n\000D\000e\000g}{subsection.6.22}% 233
\BOOKMARK [2][-]{subsection.6.23}{\376\377\004\043\004\100\004\060\004\062\004\075\004\065\004\075\004\070\004\117}{section.6}% 234
\BOOKMARK [3][-]{subsubsection.6.23.1}{\376\377\000M\000H\000L\000\137\000Q\000u\000a\000d\000r\000a\000t\000i\000c\000E\000q\000u\000a\000t\000i\000o\000n}{subsection.6.23}% 235
